Method 'SystemVoidCosmosSystemKernelStart', ID = '0'
Method 'SystemVoidCosmosIL2CPURuntimeEngineInitializeApplication', ID = '1'
Method 'SystemVoidCosmosIL2CPURuntimeEngineFinalizeApplicationSystemInt32', ID = '2'
Method 'SystemVoidCosmosIL2CPUVTablesImplSetMethodInfoSystemInt32SystemInt32SystemUInt32SystemUInt32', ID = '3'
Method 'SystemBooleanCosmosIL2CPUVTablesImplIsInstanceSystemUInt32SystemUInt32', ID = '4'
Method 'SystemVoidCosmosIL2CPUVTablesImplSetTypeInfoSystemInt32SystemUInt32SystemUInt32arraySystemUInt32arraySystemUInt32', ID = '5'
Method 'SystemUInt32CosmosIL2CPUVTablesImplGetMethodAddressForTypeSystemUInt32SystemUInt32', ID = '6'
Method 'SystemVoidCosmosIL2CPUGCImplementationIncRefCountSystemUInt32', ID = '7'
Method 'SystemVoidCosmosIL2CPUGCImplementationDecRefCountSystemUInt32', ID = '8'
Method 'SystemVoidCosmosIL2CPUExceptionHelperThrowNotImplementedSystemString', ID = '10'
Method 'SystemVoidCosmosIL2CPUExceptionHelperThrowOverflow', ID = '11'
Method 'SystemVoidSystemArrayctor', ID = '13'
Method 'SystemVoidSystemThrowHelperThrowInvalidOperationExceptionSystemExceptionResource', ID = '14'
Method 'SystemDelegatearraySystemMulticastDelegateGetInvocationList', ID = '15'
Method 'SystemVoidKernelSystemBootBootctor', ID = '17'
Method 'SystemVoidCosmosHALBootstrapInit', ID = '20'
Method 'CosmosHALTextScreenBaseCosmosSystemKernelGetTextScreen', ID = '21'
Method 'SystemVoidCosmosSystemGlobalInitCosmosHALTextScreenBase', ID = '22'
Method 'SystemVoidCosmosHALPS2Keyboardctor', ID = '23'
Method 'SystemVoidCosmosSystemKeyboardManagerAddKeyboardCosmosHALKeyboardBase', ID = '24'
Method 'SystemVoidCosmosHALGlobalEnableInterrupts', ID = '25'
Method 'SystemVoidCosmosSystemKernelMainMethod', ID = '26'
Method 'SystemVoidCosmosIL2CPURuntimeEngineInitializeEngine', ID = '30'
Method 'SystemVoidCosmosIL2CPURuntimeEngineHeap_Initialize', ID = '31'
Method 'SystemVoidCosmosIL2CPURuntimeEngineFinalizeEngine', ID = '33'
Method 'SystemVoidCosmosIL2CPURuntimeEngineExitProcessSystemInt32', ID = '34'
Method 'SystemVoidCosmosIL2CPUVTablesImplDebugAndHaltSystemString', ID = '39'
Method 'SystemVoidCosmosIL2CPUVTablesImplDebugSystemString', ID = '41'
Method 'SystemVoidCosmosIL2CPUVTablesImplDebugHexSystemStringSystemUInt32', ID = '42'
Method 'SystemVoidCosmosDebugKernelPlugsDebuggerSendKernelPanicSystemUInt32', ID = '47'
Method 'SystemUInt32KernelSystemCoreHeapGCImplementionImplAllocNewObjectSystemUInt32', ID = '55'
Method 'SystemVoidSystemNotImplementedExceptionctorSystemString', ID = '58'
Method 'SystemVoidSystemOverflowExceptionctorSystemString', ID = '59'
Method 'SystemStringSystemThrowHelperGetResourceNameSystemExceptionResource', ID = '64'
Method 'SystemVoidSystemInvalidOperationExceptionctorSystemString', ID = '66'
Method 'SystemDelegatearraySystemDelegateGetInvocationList', ID = '69'
Method 'SystemInt32SystemIntPtrop_ExplicitSystemIntPtr', ID = '72'
Method 'SystemVoidCosmosSystemKernelctor', ID = '74'
Method 'SystemVoidCosmosCoreBootstrapInit', ID = '77'
Method 'SystemVoidCosmosDebugKernelDebuggerSendSystemString', ID = '81'
Method 'SystemVoidCosmosSystemConsolectorCosmosHALTextScreenBase', ID = '82'
Method 'SystemVoidCosmosHALGlobalInitCosmosHALTextScreenBase', ID = '84'
Method 'SystemVoidCosmosSystemGlobalset_NumLockSystemBoolean', ID = '85'
Method 'SystemVoidCosmosSystemGlobalset_CapsLockSystemBoolean', ID = '86'
Method 'SystemVoidCosmosSystemGlobalset_ScrollLockSystemBoolean', ID = '87'
Method 'SystemVoidCosmosHALKeyboardBasector', ID = '92'
Method 'SystemBooleanCosmosSystemKeyboardManagerKeyboardExistsSystemType', ID = '96'
Method 'SystemVoidCosmosSystemKeyboardManagerHandleScanCodeSystemByteSystemBoolean', ID = '97'
Method 'SystemVoidCosmosCorePlugsSystemDelegateImplCtorSystemObjectSystemIntPtr', ID = '188'
Method 'SystemVoidSystemCollectionsGenericList1CosmosHALKeyboardBaseAddCosmosHALKeyboardBase', ID = '100'
Method 'SystemVoidCosmosCoreCPUEnableInterrupts', ID = '102'
Method 'SystemVoidKernelSystemBootBootMainMethod', ID = '103'
Method 'SystemVoidCosmosSystemPlugsSystemConsoleImplWriteLineSystemString', ID = '105'
Method 'SystemStringSystemBooleanToString', ID = '109'
Method 'SystemStringCosmosIL2CPUPlugsSystemObjectImplToString', ID = '112'
Method 'SystemVoidCosmosIL2CPURuntimeEnginecctor', ID = '113'
Method 'SystemVoidCosmosIL2CPUVTablesImplcctor', ID = '114'
Method 'SystemVoidSystemBooleancctor', ID = '115'
Method 'SystemVoidCosmosCommonKernelPanicTypescctor', ID = '116'
Method 'SystemVoidCosmosDebugKernelPlugsDebuggerDoSendSystemString', ID = '119'
Method 'SystemVoidCosmosDebugKernelPlugsDebuggerDoSendNumberSystemUInt32', ID = '120'
Method 'SystemUInt32KernelSystemCoreHeapallocSystemUInt32', ID = '122'
Method 'SystemVoidSystemSystemExceptionctorSystemString', ID = '124'
Method 'SystemVoidSystemExceptionSetErrorCodeSystemInt32', ID = '125'
Method 'SystemVoidSystemArithmeticExceptionctorSystemString', ID = '127'
Method 'SystemVoidCosmosIL2CPUPlugsSystemObjectImplCtor', ID = '128'
Method 'SystemStringCosmosIL2CPUPlugsSystemEnvironmentImplGetResourceStringSystemString', ID = '132'
Method 'SystemVoidCosmosDebugKernelDebuggerctorSystemStringSystemString', ID = '135'
Method 'SystemVoidCosmosCoreINTsDummy', ID = '137'
Method 'SystemVoidCosmosCorePICctor', ID = '138'
Method 'SystemVoidCosmosSystemGlobalcctor', ID = '145'
Method 'SystemVoidCosmosHALTextScreenctor', ID = '147'
Method 'SystemVoidCosmosCoreGlobalInit', ID = '150'
Method 'SystemVoidCosmosHALGlobalInitStaticDevices', ID = '151'
Method 'SystemVoidCosmosHALGlobalInitPciDevices', ID = '152'
Method 'SystemVoidCosmosHALGlobalInitAtaCosmosHALBlockDeviceAtaControllerIdEnumCosmosHALBlockDeviceAtaBusPositionEnum', ID = '153'
Method 'SystemVoidCosmosSystemKeyboardManagerset_NumLockSystemBoolean', ID = '154'
Method 'SystemVoidCosmosSystemKeyboardManagerset_CapsLockSystemBoolean', ID = '155'
Method 'SystemVoidCosmosSystemKeyboardManagerset_ScrollLockSystemBoolean', ID = '156'
Method 'SystemVoidCosmosCoreGlobalcctor', ID = '157'
Method 'SystemVoidCosmosCoreBaseIOGroupscctor', ID = '158'
Method 'SystemVoidCosmosHALDevicector', ID = '159'
Method 'SystemVoidCosmosSystemKeyboardManagercctor', ID = '162'
Method 'SystemTypeCosmosIL2CPUPlugsSystemObjectImplGetType', ID = '164'
Method 'SystemCollectionsGenericList1EnumeratorCosmosHALKeyboardBaseSystemCollectionsGenericList1CosmosHALKeyboardBaseGetEnumerator', ID = '165'
Method 'CosmosHALKeyboardBaseSystemCollectionsGenericList1EnumeratorCosmosHALKeyboardBaseget_Current', ID = '166'
Method 'SystemBooleanSystemCollectionsGenericList1EnumeratorCosmosHALKeyboardBaseMoveNext', ID = '168'
Method 'SystemBooleanCosmosSystemScanMapBaseScanCodeMatchesKeySystemByteCosmosSystemConsoleKeyEx', ID = '173'
Method 'SystemBooleanCosmosSystemKeyboardManagerget_CapsLock', ID = '174'
Method 'SystemVoidCosmosSystemKeyboardManagerUpdateLeds', ID = '175'
Method 'SystemBooleanCosmosSystemKeyboardManagerget_NumLock', ID = '176'
Method 'SystemBooleanCosmosSystemKeyboardManagerget_ScrollLock', ID = '177'
Method 'SystemVoidCosmosSystemKeyboardManagerset_ControlPressedSystemBoolean', ID = '178'
Method 'SystemVoidCosmosSystemKeyboardManagerset_ShiftPressedSystemBoolean', ID = '179'
Method 'SystemVoidCosmosSystemKeyboardManagerset_AltPressedSystemBoolean', ID = '180'
Method 'SystemBooleanCosmosSystemKeyboardManagerget_ControlPressed', ID = '181'
Method 'SystemBooleanCosmosSystemKeyboardManagerget_AltPressed', ID = '182'
Method 'SystemVoidCosmosSystemConsoleWriteLineSystemString', ID = '183'
Method 'SystemVoidCosmosSystemPowerReboot', ID = '184'
Method 'SystemBooleanCosmosSystemKeyboardManagerGetKeySystemByteCosmosSystemKeyEvent', ID = '185'
Method 'SystemVoidCosmosSystemKeyboardManagerEnqueueCosmosSystemKeyEvent', ID = '186'
Method 'SystemVoidSystemCollectionsGenericList1CosmosHALKeyboardBaseEnsureCapacitySystemInt32', ID = '190'
Method 'SystemVoidCosmosHALGlobalcctor', ID = '191'
Method 'SystemVoidKernelSystemCoreEnsureInit', ID = '195'
Method 'SystemVoidKernelSystemCoreGDTInit', ID = '197'
Method 'SystemVoidKernelSystemCoreIDTInit', ID = '198'
Method 'SystemVoidKernelSystemCoreISRInit', ID = '199'
Method 'SystemVoidKernelSystemConsoleClear', ID = '200'
Method 'SystemVoidKernelSystemHALACPIInit', ID = '201'
Method 'SystemBooleanKernelSystemHALACPIEnable', ID = '202'
Method 'SystemVoidKernelSystemCorePageManagerInit', ID = '203'
Method 'SystemVoidKernelSystemCoreHeapInit', ID = '204'
Method 'SystemVoidKernelSystemCoreGCInit', ID = '205'
Method 'SystemVoidKernelSystemCorePagingInit', ID = '206'
Method 'SystemVoidKernelSystemHALPITInit', ID = '207'
Method 'SystemVoidKernelSystemHALRTCInit', ID = '208'
Method 'SystemVoidKernelSystemCoreSchedulerInit', ID = '209'
Method 'SystemVoidKernelSystemHALDiskDriveInit', ID = '211'
Method 'SystemVoidKernelSystemHALPCIPCIInit', ID = '212'
Method 'SystemVoidKernelSystemDriversDriverInit', ID = '213'
Method 'SystemVoidKernelSystemAudioAudioMixerInit', ID = '214'
Method 'SystemVoidKernelSystemEventsEventInit', ID = '215'
Method 'SystemVoidCosmosCorePlugsSystemDelegateImplCtorSystemObjectSystemIntPtr', ID = '188'
Method 'SystemVoidKernelSystemThreadingThreadctorKernelSystemaMethodSystemString', ID = '217'
Method 'SystemVoidKernelSystemThreadingThreadStart', ID = '218'
Method 'SystemVoidKernelApplicationSCIctor', ID = '219'
Method 'SystemVoidKernelApplicationSCIMain', ID = '220'
Method 'SystemVoidKernelSystemCoreSchedulerIdle', ID = '221'
Method 'SystemVoidSystemConsolecctor', ID = '222'
Method 'CosmosSystemConsoleCosmosSystemPlugsSystemConsoleImplGetConsole', ID = '224'
Method 'SystemVoidCosmosSystemConsoleWriteSystemString', ID = '225'
Method 'SystemVoidCosmosSystemConsoleNewLine', ID = '226'
Method 'SystemStringCosmosSystemPlugsSystemValueTypeImplToString', ID = '227'
Method 'SystemStringCosmosSystemPlugsSystemInt32ImplToString', ID = '228'
Method 'SystemStringCosmosSystemPlugsSystemUInt32ImplToString', ID = '229'
Method 'SystemStringCosmosCorePlugsSystemStringImplToString', ID = '230'
Method 'SystemStringCosmosSystemPlugsSystemEnumImplToString', ID = '231'
Method 'SystemUInt32KernelSystemCoreHeapallocSystemUInt32SystemBoolean', ID = '238'
Method 'SystemVoidSystemExceptionset_HResultSystemInt32', ID = '243'
Method 'SystemStringCosmosIL2CPUPlugsSystemEnvironmentImplGetResourceFromDefaultSystemString', ID = '247'
Method 'SystemVoidCosmosDebugKernelDebuggerset_mSectionSystemString', ID = '249'
Method 'SystemVoidCosmosCoreBootstrapcctor', ID = '250'
Method 'SystemVoidCosmosCoreINTsHandleInterrupt_DefaultCosmosCoreINTsIRQContext', ID = '253'
Method 'SystemVoidCosmosCoreINTsHandleInterrupt_00CosmosCoreINTsIRQContext', ID = '254'
Method 'SystemVoidCosmosCoreINTsHandleInterrupt_01CosmosCoreINTsIRQContext', ID = '255'
Method 'SystemVoidCosmosCoreINTsHandleInterrupt_02CosmosCoreINTsIRQContext', ID = '256'
Method 'SystemVoidCosmosCoreINTsHandleInterrupt_03CosmosCoreINTsIRQContext', ID = '257'
Method 'SystemVoidCosmosCoreINTsHandleInterrupt_04CosmosCoreINTsIRQContext', ID = '258'
Method 'SystemVoidCosmosCoreINTsHandleInterrupt_05CosmosCoreINTsIRQContext', ID = '259'
Method 'SystemVoidCosmosCoreINTsHandleInterrupt_06CosmosCoreINTsIRQContext', ID = '260'
Method 'SystemVoidCosmosCoreINTsHandleInterrupt_07CosmosCoreINTsIRQContext', ID = '261'
Method 'SystemVoidCosmosCoreINTsHandleInterrupt_08CosmosCoreINTsIRQContext', ID = '262'
Method 'SystemVoidCosmosCoreINTsHandleInterrupt_09CosmosCoreINTsIRQContext', ID = '263'
Method 'SystemVoidCosmosCoreINTsHandleInterrupt_0ACosmosCoreINTsIRQContext', ID = '264'
Method 'SystemVoidCosmosCoreINTsHandleInterrupt_0BCosmosCoreINTsIRQContext', ID = '265'
Method 'SystemVoidCosmosCoreINTsHandleInterrupt_0CCosmosCoreINTsIRQContext', ID = '266'
Method 'SystemVoidCosmosCoreINTsHandleInterrupt_0DCosmosCoreINTsIRQContext', ID = '267'
Method 'SystemVoidCosmosCoreINTsHandleInterrupt_0ECosmosCoreINTsIRQContext', ID = '268'
Method 'SystemVoidCosmosCoreINTsHandleInterrupt_0FCosmosCoreINTsIRQContext', ID = '269'
Method 'SystemVoidCosmosCoreINTsHandleInterrupt_10CosmosCoreINTsIRQContext', ID = '270'
Method 'SystemVoidCosmosCoreINTsHandleInterrupt_11CosmosCoreINTsIRQContext', ID = '271'
Method 'SystemVoidCosmosCoreINTsHandleInterrupt_12CosmosCoreINTsIRQContext', ID = '272'
Method 'SystemVoidCosmosCoreINTsHandleInterrupt_13CosmosCoreINTsIRQContext', ID = '273'
Method 'SystemVoidCosmosCoreINTsHandleInterrupt_20CosmosCoreINTsIRQContext', ID = '274'
Method 'SystemVoidCosmosCoreINTsHandleInterrupt_21CosmosCoreINTsIRQContext', ID = '275'
Method 'SystemVoidCosmosCoreINTsHandleInterrupt_22CosmosCoreINTsIRQContext', ID = '276'
Method 'SystemVoidCosmosCoreINTsHandleInterrupt_23CosmosCoreINTsIRQContext', ID = '277'
Method 'SystemVoidCosmosCoreINTsHandleInterrupt_24CosmosCoreINTsIRQContext', ID = '278'
Method 'SystemVoidCosmosCoreINTsHandleInterrupt_25CosmosCoreINTsIRQContext', ID = '279'
Method 'SystemVoidCosmosCoreINTsHandleInterrupt_26CosmosCoreINTsIRQContext', ID = '280'
Method 'SystemVoidCosmosCoreINTsHandleInterrupt_27CosmosCoreINTsIRQContext', ID = '281'
Method 'SystemVoidCosmosCoreINTsHandleInterrupt_28CosmosCoreINTsIRQContext', ID = '282'
Method 'SystemVoidCosmosCoreINTsHandleInterrupt_29CosmosCoreINTsIRQContext', ID = '283'
Method 'SystemVoidCosmosCoreINTsHandleInterrupt_2ACosmosCoreINTsIRQContext', ID = '284'
Method 'SystemVoidCosmosCoreINTsHandleInterrupt_2BCosmosCoreINTsIRQContext', ID = '285'
Method 'SystemVoidCosmosCoreINTsHandleInterrupt_2CCosmosCoreINTsIRQContext', ID = '286'
Method 'SystemVoidCosmosCoreINTsHandleInterrupt_2DCosmosCoreINTsIRQContext', ID = '287'
Method 'SystemVoidCosmosCoreINTsHandleInterrupt_2ECosmosCoreINTsIRQContext', ID = '288'
Method 'SystemVoidCosmosCoreINTsHandleInterrupt_2FCosmosCoreINTsIRQContext', ID = '289'
Method 'SystemVoidCosmosCoreINTsHandleInterrupt_30CosmosCoreINTsIRQContext', ID = '290'
Method 'SystemVoidCosmosCoreINTsHandleInterrupt_35CosmosCoreINTsIRQContext', ID = '291'
Method 'SystemVoidCosmosCoreINTsHandleInterrupt_40CosmosCoreINTsIRQContext', ID = '292'
Method 'SystemVoidCosmosCoreINTsHandleInterrupt_41CosmosCoreINTsIRQContext', ID = '293'
Method 'SystemVoidCosmosCoreINTsHandleInterrupt_42CosmosCoreINTsIRQContext', ID = '294'
Method 'SystemVoidCosmosCoreINTsHandleInterrupt_43CosmosCoreINTsIRQContext', ID = '295'
Method 'SystemVoidCosmosCoreINTsHandleInterrupt_44CosmosCoreINTsIRQContext', ID = '296'
Method 'SystemVoidCosmosCoreINTsHandleInterrupt_45CosmosCoreINTsIRQContext', ID = '297'
Method 'SystemVoidCosmosCoreINTsHandleInterrupt_46CosmosCoreINTsIRQContext', ID = '298'
Method 'SystemVoidCosmosCoreINTsHandleInterrupt_47CosmosCoreINTsIRQContext', ID = '299'
Method 'SystemVoidCosmosCoreINTsHandleInterrupt_48CosmosCoreINTsIRQContext', ID = '300'
Method 'SystemVoidCosmosCoreINTsHandleInterrupt_49CosmosCoreINTsIRQContext', ID = '301'
Method 'SystemVoidCosmosCoreIOGroupPICctorSystemBoolean', ID = '303'
Method 'SystemVoidCosmosCorePICRemapSystemByteSystemByteSystemByteSystemByte', ID = '304'
Method 'SystemVoidCosmosCorePlugsCPUImplUpdateIDTSystemBoolean', ID = '305'
Method 'SystemVoidCosmosCorePlugsCPUImplInitSSE', ID = '306'
Method 'SystemVoidCosmosCorePlugsCPUImplInitFloat', ID = '307'
Method 'SystemVoidCosmosCoreIOGroupTextScreenctor', ID = '310'
Method 'SystemVoidCosmosHALTextScreenBasector', ID = '311'
Method 'SystemVoidCosmosHALPCISetup', ID = '320'
Method 'SystemVoidCosmosHALBlockDeviceAtaPioctorCosmosCoreIOGroupATACosmosHALBlockDeviceAtaControllerIdEnumCosmosHALBlockDeviceAtaBusPositionEnum', ID = '323'
Method 'CosmosHALBlockDeviceAtaPioSpecLevelCosmosHALBlockDeviceAtaPioget_DriveType', ID = '324'
Method 'SystemVoidSystemCollectionsGenericList1CosmosHALBlockDeviceBlockDeviceAddCosmosHALBlockDeviceBlockDevice', ID = '327'
Method 'SystemVoidCosmosHALBlockDeviceMBRctorSystemBytearray', ID = '331'
Method 'SystemVoidCosmosHALBlockDeviceEBRctorSystemBytearray', ID = '333'
Method 'SystemInt32SystemCollectionsGenericList1CosmosHALBlockDeviceEBRPartInfoget_Count', ID = '335'
Method 'SystemInt32SystemCollectionsGenericList1CosmosHALBlockDeviceMBRPartInfoget_Count', ID = '336'
Method 'SystemVoidCosmosDebugKernelDebuggerSendNumberSystemInt32', ID = '337'
Method 'CosmosHALBlockDeviceMBRPartInfoSystemCollectionsGenericList1CosmosHALBlockDeviceMBRPartInfoget_ItemSystemInt32', ID = '338'
Method 'SystemStringSystemStringConcatSystemObjectSystemObject', ID = '339'
Method 'SystemVoidCosmosHALBlockDevicePartitionctorCosmosHALBlockDeviceBlockDeviceSystemUInt64SystemUInt64', ID = '341'
Method 'SystemVoidCosmosCoreBaseIOGroupsctor', ID = '345'
Method 'SystemVoidCosmosCoreIOGroupMousector', ID = '347'
Method 'SystemVoidCosmosCoreIOGroupPCSpeakerctor', ID = '349'
Method 'SystemVoidCosmosHALPS2KeyboardInitialize', ID = '351'
Method 'SystemVoidCosmosHALPS2KeyboardUpdateLeds', ID = '352'
Method 'SystemVoidSystemCollectionsGenericList1CosmosHALKeyboardBasector', ID = '353'
Method 'SystemVoidCosmosSystemScanMapsUS_Standardctor', ID = '354'
Method 'SystemVoidSystemCollectionsGenericQueue1CosmosSystemKeyEventctor', ID = '355'
Method 'SystemVoidSystemCollectionsGenericList1EnumeratorCosmosHALKeyboardBasectorSystemCollectionsGenericList1CosmosHALKeyboardBase', ID = '360'
Method 'SystemBooleanCosmosSystemPlugsSystemTypeImplop_EqualitySystemUInt32SystemUInt32', ID = '361'
Method 'SystemBooleanSystemCollectionsGenericList1EnumeratorCosmosHALKeyboardBaseMoveNextRare', ID = '362'
Method 'SystemVoidSystemCollectionsGenericList1EnumeratorCosmosHALKeyboardBaseDispose', ID = '364'
Method 'CosmosSystemKeyMappingSystemCollectionsGenericList1CosmosSystemKeyMappingget_ItemSystemInt32', ID = '368'
Method 'SystemInt32SystemCollectionsGenericList1CosmosSystemKeyMappingget_Count', ID = '370'
Method 'SystemVoidCosmosHALPowerReboot', ID = '375'
Method 'SystemBooleanCosmosSystemKeyboardManagerget_ShiftPressed', ID = '377'
Method 'CosmosSystemKeyEventCosmosSystemScanMapBaseConvertScanCodeSystemByteSystemBooleanSystemBooleanSystemBooleanSystemBooleanSystemBooleanSystemBoolean', ID = '378'
Method 'SystemVoidSystemCollectionsGenericQueue1CosmosSystemKeyEventEnqueueCosmosSystemKeyEvent', ID = '380'
Method 'SystemVoidSystemCollectionsGenericList1CosmosHALKeyboardBasecctor', ID = '382'
Method 'SystemVoidSystemCollectionsGenericList1CosmosHALKeyboardBaseset_CapacitySystemInt32', ID = '383'
Method 'SystemVoidCosmosCorePlugsCPUImplDoEnableInterrupts', ID = '384'
Method 'SystemVoidKernelSystemCoreISRCommonISRHandlerKernelSystemCoreISRIRQContext', ID = '390'
Method 'SystemVoidKernelSystemHALCPUCPUPlugDisableInts', ID = '392'
Method 'SystemVoidKernelSystemCoreGDTSetGateSystemUInt32SystemUInt64SystemUInt64SystemByteSystemByte', ID = '398'
Method 'SystemVoidKernelSystemCoreGDTUpdateTSSSystemUInt32SystemUInt16SystemUInt32', ID = '399'
Method 'SystemVoidKernelSystemIOIOPortoutbSystemInt32SystemByte', ID = '411'
Method 'SystemVoidKernelSystemConsoleUpdateCursor', ID = '415'
Method 'SystemBooleanKernelSystemHALACPICheckForRSDPSystemUInt32', ID = '421'
Method 'SystemVoidKernelSystemHALACPISetupPowerSystemBytepointer', ID = '426'
Method 'SystemUInt16CosmosCoreIOPortget_Word', ID = '428'
Method 'SystemVoidCosmosCoreIOPortset_ByteSystemByte', ID = '432'
Method 'SystemUInt32KernelSystemCoreMultibootGetTotalMemory', ID = '436'
Method 'SystemVoidKernelSystemCorePageManagerSetSystemInt64', ID = '439'
Method 'SystemVoidKernelSystemCorePageManagerClearSystemInt64', ID = '440'
Method 'SystemUInt32KernelSystemCorePageManagerGetFreePageSystemInt32', ID = '441'
Method 'KernelSystemCoreHeapEntryHeaderpointerKernelSystemCoreHeapDirectoryHeaderGetEntrySystemInt32', ID = '445'
Method 'SystemVoidKernelSystemConsoleWriteSystemString', ID = '447'
Method 'SystemVoidKernelSystemConsoleWriteSystemInt32SystemCharSystemBoolean', ID = '448'
Method 'SystemVoidKernelSystemConsoleNewLine', ID = '449'
Method 'SystemVoidKernelSystemConsoleWriteSystemInt64SystemCharSystemBoolean', ID = '450'
Method 'SystemVoidKernelSystemCoreGCSetup', ID = '452'
Method 'SystemVoidKernelSystemHALPITtimer_phaseSystemUInt32', ID = '456'
Method 'SystemVoidKernelSystemHALRTCWaitForReady', ID = '458'
Method 'SystemByteKernelSystemIOIOPortinbSystemInt32', ID = '464'
Method 'SystemVoidKernelSystemCoreSchedulerTaskSleep', ID = '468'
Method 'SystemVoidKernelSystemCoreISRSetIntHandlerSystemByteKernelSystemaMethod', ID = '469'
Method 'SystemVoidKernelSystemCoreSchedulerTaskSwitch', ID = '470'
Method 'SystemVoidKernelSystemHALCPUCPUPlugEnableInts', ID = '471'
Method 'SystemVoidSystemCollectionsGenericList1KernelSystemHALDiskDrivector', ID = '473'
Method 'SystemVoidKernelSystemHALDiskDriveDetectATADriveKernelSystemHALDiskDriveATAControllerIdEnumKernelSystemHALDiskDriveATABusPositionEnum', ID = '475'
Method 'SystemCollectionsGenericList1EnumeratorKernelSystemHALDiskDriveSystemCollectionsGenericList1KernelSystemHALDiskDriveGetEnumerator', ID = '476'
Method 'KernelSystemHALDiskDriveSystemCollectionsGenericList1EnumeratorKernelSystemHALDiskDriveget_Current', ID = '477'
Method 'SystemVoidKernelSystemConsoleWriteLineSystemString', ID = '478'
Method 'SystemBooleanSystemCollectionsGenericList1EnumeratorKernelSystemHALDiskDriveMoveNext', ID = '479'
Method 'SystemVoidKernelSystemHALPCIPCIEnumerateBusSystemUInt32SystemUInt32', ID = '482'
Method 'SystemCollectionsGenericList1EnumeratorKernelSystemHALPCIPCIDeviceSystemCollectionsGenericList1KernelSystemHALPCIPCIDeviceGetEnumerator', ID = '484'
Method 'KernelSystemHALPCIPCIDeviceSystemCollectionsGenericList1EnumeratorKernelSystemHALPCIPCIDeviceget_Current', ID = '485'
Method 'SystemBooleanSystemCollectionsGenericList1EnumeratorKernelSystemHALPCIPCIDeviceMoveNext', ID = '487'
Method 'SystemVoidKernelSystemDriversOtherPS2KeyboardctorKernelSystemHALPCIPCIDevice', ID = '491'
Method 'SystemVoidSystemCollectionsGenericList1KernelSystemDriversIDriverAddKernelSystemDriversIDriver', ID = '492'
Method 'SystemVoidKernelSystemDriversOtherPS2MousectorKernelSystemHALPCIPCIDevice', ID = '493'
Method 'SystemVoidKernelSystemDriversOtherVideoGraphicsArrayctorKernelSystemHALPCIPCIDevice', ID = '494'
Method 'SystemUInt16KernelSystemHALPCIPCIDeviceget_VendorID', ID = '495'
Method 'SystemUInt16KernelSystemHALPCIPCIDeviceget_DeviceID', ID = '496'
Method 'SystemVoidKernelSystemDriversVMWareNVIDIA9500MGSctorKernelSystemHALPCIPCIDevice', ID = '497'
Method 'SystemByteKernelSystemHALPCIPCIDeviceget_ClassCode', ID = '498'
Method 'SystemUInt16KernelSystemIOIOPortinwSystemInt32', ID = '500'
Method 'SystemVoidKernelSystemDriversOtherBochsGraphicsAdaptorctorKernelSystemHALPCIPCIDevice', ID = '501'
Method 'SystemVoidSystemCollectionsGenericList1KernelSystemAudioAudioStreamctor', ID = '503'
Method 'SystemVoidKernelSystemAudioAudioMixerSelectNextTone', ID = '506'
Method 'SystemVoidSystemCollectionsGenericList1SystemUInt32AddSystemUInt32', ID = '508'
Method 'SystemCollectionsGenericList1EnumeratorKernelSystemEventsEventListenerSystemCollectionsGenericList1KernelSystemEventsEventListenerGetEnumerator', ID = '516'
Method 'KernelSystemEventsEventListenerSystemCollectionsGenericList1EnumeratorKernelSystemEventsEventListenerget_Current', ID = '517'
Method 'SystemVoidKernelSystemEventsEventListenerOnMouseMoveSystemInt32SystemInt32', ID = '518'
Method 'SystemBooleanSystemCollectionsGenericList1EnumeratorKernelSystemEventsEventListenerMoveNext', ID = '519'
Method 'SystemUInt32KernelSystemCollectionsCircularBufferPop', ID = '523'
Method 'SystemCharKernelSystemDriversOtherPS2KeyboardDecodeSystemByte', ID = '525'
Method 'SystemVoidKernelSystemConsoleRecieveKeySystemChar', ID = '526'
Method 'SystemVoidKernelSystemEventsEventListenerOnKeyDownSystemChar', ID = '527'
Method 'SystemVoidKernelSystemEventsEventListenerOnMouseDownSystemInt32', ID = '530'
Method 'KernelSystemThreadingThreadSystemCollectionsGenericList1KernelSystemThreadingThreadget_ItemSystemInt32', ID = '534'
Method 'SystemInt32SystemCollectionsGenericList1KernelSystemThreadingThreadget_Count', ID = '535'
Method 'SystemVoidSystemCollectionsGenericList1KernelSystemThreadingThreadAddKernelSystemThreadingThread', ID = '536'
Method 'SystemVoidKernelApplicationShellctor', ID = '538'
Method 'SystemVoidKernelApplicationSCICMD_Clear', ID = '539'
Method 'SystemVoidCosmosCorePlugsSystemDelegateImplCtorSystemObjectSystemIntPtr', ID = '188'
Method 'SystemVoidKernelApplicationSCIAddCommandSystemStringKernelApplicationCommandMethodSystemString', ID = '541'
Method 'SystemVoidKernelApplicationSCICMD_Help', ID = '542'
Method 'SystemVoidKernelApplicationSCICMD_Shutdown', ID = '543'
Method 'SystemVoidKernelApplicationSCICMD_Reboot', ID = '544'
Method 'SystemVoidKernelApplicationSCICMD_ListProcesses', ID = '545'
Method 'SystemVoidKernelApplicationSCICMD_ListHardware', ID = '546'
Method 'SystemVoidKernelApplicationSCICMD_ListDrivers', ID = '547'
Method 'SystemVoidKernelApplicationSCICMD_Echo', ID = '548'
Method 'SystemVoidKernelApplicationSCICMD_GUI', ID = '549'
Method 'SystemVoidKernelSystemAudioAudioStreamctorSystemInt32', ID = '550'
Method 'SystemVoidKernelSystemAudioAudioStreamAddSampleSystemInt32SystemInt32', ID = '551'
Method 'SystemVoidKernelSystemThreadingThreadSleepSystemUInt64', ID = '552'
Method 'SystemBytepointerKernelSystemConsoleReadLine', ID = '553'
Method 'SystemCollectionsGenericList1EnumeratorKernelApplicationSCIICommandSystemCollectionsGenericList1KernelApplicationSCIICommandGetEnumerator', ID = '556'
Method 'KernelApplicationSCIICommandSystemCollectionsGenericList1EnumeratorKernelApplicationSCIICommandget_Current', ID = '557'
Method 'SystemBooleanKernelSystemUtilsCompareSystemBytepointerSystemString', ID = '559'
Method 'SystemVoidKernelApplicationSCIICommandInvokeSystemBytepointer', ID = '560'
Method 'SystemBooleanSystemCollectionsGenericList1EnumeratorKernelApplicationSCIICommandMoveNext', ID = '561'
Method 'SystemBooleanKernelSystemUtilsStartsWithSystemBytepointerSystemString', ID = '563'
Method 'SystemVoidKernelSystemConsoleWriteLineSystemBytepointer', ID = '564'
Method 'SystemVoidKernelSystemCoreHeapfreeSystemVoidpointer', ID = '565'
Method 'SystemVoidSystemTextUnicodeEncodingctorSystemBooleanSystemBoolean', ID = '567'
Method 'SystemVoidCosmosSystemPlugsSystemConsoleImplcctor', ID = '576'
Method 'SystemVoidCosmosSystemConsoleWriteCharSystemChar', ID = '579'
Method 'SystemVoidCosmosSystemConsoleUpdateCursor', ID = '582'
Method 'SystemStringCosmosCommonStringHelperGetNumberStringSystemInt32', ID = '586'
Method 'SystemStringCosmosCommonStringHelperGetNumberStringSystemUInt32', ID = '589'
Method 'SystemVoidKernelSystemCoreHeapcctor', ID = '592'
Method 'SystemUInt32KernelSystemCoreHeapinternalAllocationSystemUInt32SystemBoolean', ID = '593'
Method 'SystemStringCosmosIL2CPUPlugsSystemExceptionImplToString', ID = '594'
Method 'SystemVoidCosmosIL2CPUPlugsSystemExceptionImplCtorSystemString', ID = '595'
Method 'SystemVoidSystemExceptioncctor', ID = '596'
Method 'SystemVoidCosmosSystemPlugsSystemEnumImplCctor', ID = '597'
Method 'SystemBooleanSystemStringop_EqualitySystemStringSystemString', ID = '598'
Method 'SystemStringCosmosSystemPlugsSystemIntPtrImplToString', ID = '599'
Method 'SystemVoidCosmosCoreCPUctor', ID = '600'
Method 'SystemVoidCosmosCoreINTscctor', ID = '601'
Method 'CosmosCorePICCosmosCoreGlobalget_PIC', ID = '603'
Method 'SystemVoidCosmosCorePICEoiSlave', ID = '604'
Method 'SystemVoidCosmosCorePICEoiMaster', ID = '605'
Method 'SystemVoidCosmosCoreINTsHandleExceptionSystemUInt32SystemStringSystemStringCosmosCoreINTsIRQContextSystemUInt32', ID = '606'
Method 'SystemVoidCosmosCorePlugsSystemDelegateImplInvoke', ID = '927'
Method 'SystemVoidCosmosCoreINTsIRQSystemUInt32CosmosCoreINTsIRQContext', ID = '610'
Method 'SystemVoidCosmosCoreIOPortctorSystemUInt16', ID = '613'
Method 'SystemVoidCosmosCoreIOGroupIOGroupctor', ID = '614'
Method 'SystemByteCosmosCoreIOPortget_Byte', ID = '615'
Method 'SystemVoidCosmosCoreIOPortWait', ID = '616'
Method 'SystemVoidCosmosCoreMemoryBlockctorSystemUInt32SystemUInt32', ID = '618'
Method 'SystemVoidCosmosHALTextScreenSetColorsSystemConsoleColorSystemConsoleColor', ID = '621'
Method 'SystemUInt16CosmosHALTextScreenget_Cols', ID = '623'
Method 'SystemUInt16CosmosHALTextScreenget_Rows', ID = '624'
Method 'SystemVoidCosmosHALTextScreenSetCursorSizeSystemInt32', ID = '625'
Method 'SystemVoidCosmosHALTextScreenSetCursorVisibleSystemBoolean', ID = '626'
Method 'SystemVoidCosmosSystemPlugsSystemConsoleImplWriteLine', ID = '627'
Method 'SystemVoidCosmosHALPCIEnumerateDevices', ID = '629'
Method 'SystemVoidCosmosHALBlockDeviceAtactor', ID = '632'
Method 'SystemVoidCosmosCoreIOPortWriteset_ByteSystemByte', ID = '633'
Method 'CosmosHALBlockDeviceAtaPioSpecLevelCosmosHALBlockDeviceAtaPioDiscoverDrive', ID = '634'
Method 'SystemVoidCosmosHALBlockDeviceAtaPioInitDrive', ID = '635'
Method 'SystemVoidCosmosHALBlockDeviceBlockDevicecctor', ID = '637'
Method 'SystemVoidSystemCollectionsGenericList1CosmosHALBlockDeviceBlockDeviceEnsureCapacitySystemInt32', ID = '639'
Method 'SystemVoidCosmosHALBlockDeviceAtacctor', ID = '640'
Method 'SystemStringCosmosHALBlockDeviceAtaToString', ID = '641'
Method 'SystemVoidCosmosHALBlockDeviceAtaPioReadBlockSystemUInt64SystemUInt64SystemBytearray', ID = '644'
Method 'SystemVoidSystemCollectionsGenericList1CosmosHALBlockDeviceMBRPartInfoctor', ID = '645'
Method 'SystemVoidCosmosHALBlockDeviceMBRParsePartitionSystemBytearraySystemUInt32', ID = '646'
Method 'SystemVoidSystemCollectionsGenericList1CosmosHALBlockDeviceEBRPartInfoctor', ID = '647'
Method 'SystemVoidCosmosHALBlockDeviceEBRParsePartitionSystemBytearraySystemUInt32', ID = '648'
Method 'SystemVoidSystemThrowHelperThrowArgumentOutOfRangeException', ID = '652'
Method 'SystemStringSystemStringConcatSystemStringSystemString', ID = '653'
Method 'SystemVoidCosmosHALBlockDeviceBlockDevicector', ID = '655'
Method 'SystemUInt64CosmosHALBlockDeviceBlockDeviceget_BlockSize', ID = '656'
Method 'SystemVoidCosmosCoreIOGroupKeyboardctor', ID = '657'
Method 'SystemVoidCosmosCoreIOGroupPITctor', ID = '658'
Method 'SystemVoidCosmosCoreIOGroupATActorSystemBoolean', ID = '659'
Method 'SystemVoidCosmosCoreIOGroupRTCctor', ID = '660'
Method 'SystemVoidCosmosCoreIOGroupVBEctor', ID = '661'
Method 'SystemVoidCosmosHALPS2KeyboardHandleIRQCosmosCoreINTsIRQContext', ID = '664'
Method 'SystemVoidCosmosCorePlugsSystemDelegateImplCtorSystemObjectSystemIntPtr', ID = '188'
Method 'SystemVoidCosmosCoreINTsSetIrqHandlerSystemByteCosmosCoreINTsIRQDelegate', ID = '666'
Method 'SystemVoidCosmosSystemScanMapBasector', ID = '669'
Method 'SystemVoidCosmosSystemPlugsSystemTypeImplCCtor', ID = '672'
Method 'SystemStringCosmosSystemPlugsSystemTypeImplToString', ID = '673'
Method 'SystemStringCosmosSystemPlugsSystemByteImplToString', ID = '675'
Method 'CosmosCoreCPUCosmosCoreGlobalget_CPU', ID = '678'
Method 'SystemVoidCosmosCoreCPUReboot', ID = '679'
Method 'SystemVoidCosmosSystemKeyEventctor', ID = '680'
Method 'SystemConsoleModifiersCosmosSystemKeyEventget_Modifiers', ID = '681'
Method 'SystemVoidCosmosSystemKeyEventset_ModifiersSystemConsoleModifiers', ID = '682'
Method 'SystemVoidCosmosSystemKeyEventset_TypeCosmosSystemKeyEventKeyEventType', ID = '683'
Method 'SystemVoidCosmosSystemKeyEventset_KeyCharSystemChar', ID = '684'
Method 'SystemVoidCosmosSystemKeyEventset_KeyCosmosSystemConsoleKeyEx', ID = '685'
Method 'SystemVoidSystemCollectionsGenericQueue1CosmosSystemKeyEventSetCapacitySystemInt32', ID = '686'
Method 'SystemVoidSystemThrowHelperThrowArgumentOutOfRangeExceptionSystemExceptionArgumentSystemExceptionResource', ID = '687'
Method 'SystemVoidSystemArrayCopySystemArraySystemInt32SystemArraySystemInt32SystemInt32', ID = '688'
Method 'SystemVoidKernelSystemCoreISRcctor', ID = '689'
Method 'SystemVoidKernelSystemCoreISRIrqAckSystemUInt32', ID = '691'
Method 'SystemVoidKernelSystemCoreISRHandleExceptionKernelSystemCoreISRIRQContext', ID = '692'
Method 'SystemVoidKernelAPIHandleKernelSystemCoreISRIRQContext', ID = '693'
Method 'SystemVoidKernelSystemCoreCallerCallCodeSystemUInt32SystemObject', ID = '694'
Method 'KernelSystemCoreLabelGDTTablepointerKernelSystemCoreLabelLabelsPluggetGDTPointer', ID = '700'
Method 'KernelSystemCoreLabelGDTEntrypointerKernelSystemCoreLabelLabelsPluggetGDT', ID = '702'
Method 'SystemVoidKernelSystemCoreGDTGDTPlugGDTFlush', ID = '705'
Method 'SystemVoidKernelSystemCoreGDTGDTPlugTSSFlush', ID = '706'
Method 'KernelSystemCoreLabelIDTTablepointerKernelSystemCoreLabelLabelsPluggetIDTPointer', ID = '708'
Method 'KernelSystemCoreLabelIDTEntrypointerKernelSystemCoreLabelLabelsPluggetIDT', ID = '710'
Method 'SystemVoidKernelSystemCoreIDTIDTPlugUpdate', ID = '711'
Method 'SystemVoidKernelSystemCoreIDTIDTPlugLoad', ID = '712'
Method 'SystemVoidKernelSystemConsolecctor', ID = '714'
Method 'SystemVoidKernelSystemUtilsUtilsPlugmemsetSystemBytepointerSystemByteSystemUInt32', ID = '717'
Method 'SystemVoidKernelSystemHALACPIcctor', ID = '718'
Method 'SystemInt32KernelSystemHALACPICompareSystemStringSystemBytepointer', ID = '719'
Method 'SystemInt32pointerKernelSystemHALACPIfacpgetSystemInt32', ID = '721'
Method 'SystemByteKernelSystemHALACPIfacpbgetSystemInt32', ID = '724'
Method 'SystemInt64KernelSystemCorePageManagerAddressToEntrySystemInt64', ID = '736'
Method 'SystemBooleanKernelSystemCorePageManagerIsSetSystemInt64', ID = '738'
Method 'SystemVoidKernelSystemConsolePlotCharSystemByte', ID = '740'
Method 'SystemVoidKernelSystemConsoleWriteSystemChar', ID = '743'
Method 'SystemVoidKernelSystemCorePagingcctor', ID = '745'
Method 'SystemVoidKernelSystemHALPITcctor', ID = '746'
Method 'SystemVoidKernelSystemIOIOPortIOPortPlugoutbSystemUInt16SystemByte', ID = '747'
Method 'SystemByteKernelSystemIOIOPortIOPortPluginbSystemUInt16', ID = '748'
Method 'SystemVoidKernelSystemCoreSchedulercctor', ID = '749'
Method 'SystemVoidKernelSystemThreadingThreadcctor', ID = '750'
Method 'SystemCollectionsGenericList1EnumeratorKernelSystemThreadingThreadSystemCollectionsGenericList1KernelSystemThreadingThreadGetEnumerator', ID = '753'
Method 'KernelSystemThreadingThreadSystemCollectionsGenericList1EnumeratorKernelSystemThreadingThreadget_Current', ID = '754'
Method 'SystemBooleanSystemCollectionsGenericList1EnumeratorKernelSystemThreadingThreadMoveNext', ID = '756'
Method 'SystemUInt32SystemCollectionsGenericList1SystemUInt32get_ItemSystemInt32', ID = '758'
Method 'SystemInt32SystemCollectionsGenericList1SystemUInt32get_Count', ID = '759'
Method 'SystemVoidKernelSystemCoreISRSetRealHandlerSystemByteKernelSystemaMethod', ID = '760'
Method 'SystemVoidKernelSystemCoreGDTSetKernelStackSystemUInt32', ID = '762'
Method 'KernelSystemHALDiskDriveATASpecLevelKernelSystemHALDiskDriveDiscoverATADriveSystemUInt16SystemUInt16SystemUInt16SystemUInt16SystemUInt16KernelSystemHALDiskDriveATABusPositionEnum', ID = '767'
Method 'SystemVoidKernelSystemHALATAATADiskDrivectorSystemBooleanKernelSystemHALDiskDriveATAControllerIdEnumKernelSystemHALDiskDriveATABusPositionEnumKernelSystemHALDiskDriveATASpecLevel', ID = '768'
Method 'SystemVoidSystemCollectionsGenericList1KernelSystemHALDiskDriveAddKernelSystemHALDiskDrive', ID = '769'
Method 'SystemVoidSystemCollectionsGenericList1EnumeratorKernelSystemHALDiskDrivectorSystemCollectionsGenericList1KernelSystemHALDiskDrive', ID = '770'
Method 'SystemBooleanSystemCollectionsGenericList1EnumeratorKernelSystemHALDiskDriveMoveNextRare', ID = '771'
Method 'SystemVoidSystemCollectionsGenericList1EnumeratorKernelSystemHALDiskDriveDispose', ID = '772'
Method 'SystemVoidKernelSystemHALPCIPCIcctor', ID = '773'
Method 'SystemVoidKernelSystemHALPCIPCIDevicectorSystemUInt32SystemUInt32SystemUInt32', ID = '774'
Method 'SystemBooleanKernelSystemHALPCIPCIDeviceget_DeviceExists', ID = '775'
Method 'KernelSystemHALPCIPCIDevicePCIHeaderTypeKernelSystemHALPCIPCIDeviceget_HeaderType', ID = '776'
Method 'SystemVoidKernelSystemHALPCIPCIDeviceBridgectorSystemUInt32SystemUInt32SystemUInt32', ID = '777'
Method 'SystemVoidSystemCollectionsGenericList1KernelSystemHALPCIPCIDeviceAddKernelSystemHALPCIPCIDevice', ID = '778'
Method 'SystemByteKernelSystemHALPCIPCIDeviceBridgeget_SecondaryBusNumber', ID = '779'
Method 'SystemVoidKernelSystemHALPCIPCIDeviceNormalctorSystemUInt32SystemUInt32SystemUInt32', ID = '780'
Method 'SystemVoidSystemCollectionsGenericList1EnumeratorKernelSystemHALPCIPCIDevicectorSystemCollectionsGenericList1KernelSystemHALPCIPCIDevice', ID = '782'
Method 'SystemBooleanSystemCollectionsGenericList1EnumeratorKernelSystemHALPCIPCIDeviceMoveNextRare', ID = '783'
Method 'SystemVoidSystemCollectionsGenericList1EnumeratorKernelSystemHALPCIPCIDeviceDispose', ID = '784'
Method 'SystemVoidKernelSystemDriversDrivercctor', ID = '785'
Method 'SystemVoidKernelSystemDriversIDriverctorKernelSystemHALPCIPCIDevice', ID = '786'
Method 'SystemVoidKernelSystemCollectionsCircularBufferctorSystemInt32', ID = '788'
Method 'SystemVoidKernelSystemDriversOtherPS2KeyboardHandler', ID = '790'
Method 'SystemVoidSystemCollectionsGenericList1KernelSystemDriversIDriverEnsureCapacitySystemInt32', ID = '792'
Method 'SystemVoidKernelSystemDriversOtherPS2MouseWaitSignal', ID = '794'
Method 'SystemVoidKernelSystemDriversOtherPS2MouseWaitData', ID = '795'
Method 'SystemVoidKernelSystemDriversOtherPS2MouseWriteSystemByte', ID = '796'
Method 'SystemByteKernelSystemDriversOtherPS2MouseRead', ID = '797'
Method 'SystemVoidKernelSystemDriversOtherPS2MouseHandleMouse', ID = '798'
Method 'SystemVoidKernelSystemDriversOtherVideoGraphicsArrayEnterTextMode', ID = '800'
Method 'SystemVoidCosmosCorePlugsSystemDelegateImplCtorSystemObjectSystemIntPtr', ID = '188'
Method 'SystemVoidKernelSystemDriversOtherVideoGraphicsArrayEnterGraphicsMode', ID = '803'
Method 'SystemVoidKernelSystemDriversVMWareNVIDIA9500MGSEnterGraphicsMode', ID = '807'
Method 'SystemVoidKernelSystemHALPCIPCIDeviceEnableMemorySystemBoolean', ID = '808'
Method 'KernelSystemHALPCIPCIBaseAddressBararrayKernelSystemHALPCIPCIDeviceNormalget_BaseAddresses', ID = '810'
Method 'SystemUInt32KernelSystemHALPCIPCIBaseAddressBarBaseAddress', ID = '811'
Method 'SystemVoidKernelSystemDriversVMWareNVIDIA9500MGSWriteRegisterKernelSystemDriversVMWareNVIDIA9500MGSRegisterSystemUInt32', ID = '812'
Method 'SystemUInt32KernelSystemDriversVMWareNVIDIA9500MGSReadRegisterKernelSystemDriversVMWareNVIDIA9500MGSRegister', ID = '813'
Method 'SystemVoidKernelSystemDriversVMWareNVIDIA9500MGSInitializeFIFO', ID = '814'
Method 'SystemVoidKernelSystemIOIOPortIOPortPlugoutwSystemUInt16SystemUInt16', ID = '815'
Method 'SystemVoidKernelSystemDriversOtherBochsGraphicsAdaptorEnterGraphicsMode', ID = '818'
Method 'SystemCollectionsGenericList1EnumeratorKernelSystemAudioAudioStreamSystemCollectionsGenericList1KernelSystemAudioAudioStreamGetEnumerator', ID = '821'
Method 'KernelSystemAudioAudioStreamSystemCollectionsGenericList1EnumeratorKernelSystemAudioAudioStreamget_Current', ID = '822'
Method 'SystemBooleanSystemCollectionsGenericList1EnumeratorKernelSystemAudioAudioStreamMoveNext', ID = '824'
Method 'SystemVoidKernelSystemComponentsSpeakersoundSystemUInt32', ID = '826'
Method 'SystemVoidKernelSystemComponentsSpeakernosound', ID = '828'
Method 'SystemInt32SystemInt32GetHashCode', ID = '830'
Method 'SystemInt32SystemUInt32GetHashCode', ID = '831'
Method 'SystemInt32SystemBooleanGetHashCode', ID = '832'
Method 'SystemInt32SystemDelegateGetHashCode', ID = '836'
Method 'SystemInt32SystemTypeGetHashCode', ID = '838'
Method 'SystemInt32SystemByteGetHashCode', ID = '839'
Method 'SystemInt32SystemReflectionMemberInfoGetHashCode', ID = '840'
Method 'SystemInt32SystemUInt16GetHashCode', ID = '841'
Method 'SystemInt32SystemUInt64GetHashCode', ID = '842'
Method 'SystemInt32SystemInt64GetHashCode', ID = '843'
Method 'SystemInt32SystemCharGetHashCode', ID = '844'
Method 'SystemInt32CosmosIL2CPUPlugsSystemObjectImplGetHashCode', ID = '845'
Method 'SystemVoidSystemCollectionsGenericList1SystemUInt32EnsureCapacitySystemInt32', ID = '847'
Method 'SystemVoidKernelSystemEventsEventcctor', ID = '848'
Method 'SystemVoidKernelSystemSettingscctor', ID = '849'
Method 'SystemVoidSystemCollectionsGenericList1EnumeratorKernelSystemEventsEventListenerctorSystemCollectionsGenericList1KernelSystemEventsEventListener', ID = '851'
Method 'SystemBooleanSystemCollectionsGenericList1EnumeratorKernelSystemEventsEventListenerMoveNextRare', ID = '853'
Method 'SystemVoidSystemCollectionsGenericList1EnumeratorKernelSystemEventsEventListenerDispose', ID = '854'
Method 'SystemVoidKernelSystemDriversOtherPS2Keyboardcctor', ID = '855'
Method 'SystemVoidSystemCollectionsGenericList1KernelSystemThreadingThreadEnsureCapacitySystemInt32', ID = '867'
Method 'SystemVoidKernelApplicationSCIcctor', ID = '869'
Method 'SystemVoidKernelSystemEventsEventListenerctor', ID = '870'
Method 'SystemVoidKernelApplicationSCIAddCommandSystemStringSystemUInt32SystemString', ID = '873'
Method 'KernelApplicationSCIICommandSystemCollectionsGenericList1KernelApplicationSCIICommandget_ItemSystemInt32', ID = '874'
Method 'SystemInt32SystemCollectionsGenericList1KernelApplicationSCIICommandget_Count', ID = '875'
Method 'SystemVoidKernelSystemHALACPIShutdown', ID = '876'
Method 'SystemVoidKernelSystemHALACPIReboot', ID = '877'
Method 'SystemCollectionsGenericList1EnumeratorKernelSystemDriversIDriverSystemCollectionsGenericList1KernelSystemDriversIDriverGetEnumerator', ID = '878'
Method 'KernelSystemDriversIDriverSystemCollectionsGenericList1EnumeratorKernelSystemDriversIDriverget_Current', ID = '879'
Method 'SystemBooleanSystemCollectionsGenericList1EnumeratorKernelSystemDriversIDriverMoveNext', ID = '880'
Method 'SystemVoidKernelApplicationSGIctor', ID = '882'
Method 'SystemVoidKernelApplicationSGIMain', ID = '883'
Method 'SystemBooleanKernelSystemThreadingThreadIsThreadAliveSystemInt32', ID = '884'
Method 'SystemVoidSystemCollectionsGenericList1KernelSystemAudioAudioStreamAddKernelSystemAudioAudioStream', ID = '885'
Method 'SystemVoidKernelSystemAudioAudioStreamAddSampleSystemInt32', ID = '886'
Method 'SystemBytepointerKernelSystemConsoleReadLineSystemBytepointerSystemInt32', ID = '887'
Method 'SystemVoidSystemCollectionsGenericList1EnumeratorKernelApplicationSCIICommandctorSystemCollectionsGenericList1KernelApplicationSCIICommand', ID = '889'
Method 'SystemBooleanSystemCollectionsGenericList1EnumeratorKernelApplicationSCIICommandMoveNextRare', ID = '890'
Method 'SystemVoidSystemCollectionsGenericList1EnumeratorKernelApplicationSCIICommandDispose', ID = '891'
Method 'SystemVoidKernelSystemConsoleWriteSystemBytepointer', ID = '892'
Method 'SystemVoidKernelSystemHALCPUCPUPlugHalt', ID = '894'
Method 'SystemVoidSystemTextUnicodeEncodingctorSystemBooleanSystemBooleanSystemBoolean', ID = '896'
Method 'SystemCharCosmosCorePlugsSystemStringImplget_CharsSystemInt32SystemCharpointer', ID = '899'
Method 'SystemInt32CosmosCorePlugsSystemStringImplget_LengthSystemInt32', ID = '901'
Method 'SystemVoidCosmosHALTextScreenScrollUp', ID = '902'
Method 'SystemVoidCosmosCorePlugsSystemStringImplcctor', ID = '905'
Method 'SystemVoidKernelSystemThreadingSpinLockctor', ID = '906'
Method 'SystemUInt32KernelSystemCoreMultibootGetEndOfKernel', ID = '912'
Method 'SystemUInt32KernelSystemUtilsallign4KSystemUInt32', ID = '913'
Method 'SystemVoidKernelSystemThreadingSpinLockLock', ID = '914'
Method 'SystemUInt32KernelSystemCorePageManagerGetFreePage', ID = '915'
Method 'SystemVoidKernelSystemThreadingSpinLockUnlock', ID = '916'
Method 'SystemBooleanSystemStringEqualsSystemStringSystemString', ID = '921'
Method 'SystemVoidCosmosCoreINTsPutErrorCharSystemInt32SystemInt32SystemChar', ID = '925'
Method 'SystemVoidCosmosCoreINTsPutErrorStringSystemInt32SystemInt32SystemString', ID = '926'
Method 'SystemVoidCosmosCoreIOPortBasectorSystemUInt16', ID = '928'
Method 'SystemVoidCosmosCoreMemoryBlock08ctorSystemUInt32SystemUInt32', ID = '930'
Method 'SystemVoidCosmosCoreMemoryBlock16ctorSystemUInt32SystemUInt32', ID = '931'
Method 'SystemVoidCosmosCoreMemoryBlock32ctorSystemUInt32SystemUInt32', ID = '932'
Method 'SystemVoidCosmosHALPCIcctor', ID = '934'
Method 'SystemVoidSystemCollectionsGenericList1CosmosHALPCIDevicector', ID = '935'
Method 'SystemVoidCosmosHALBlockDeviceAtaPiocctor', ID = '937'
Method 'SystemStringCosmosHALBlockDeviceAtaPioToString', ID = '938'
Method 'SystemVoidCosmosHALBlockDeviceAtaPioSelectDriveSystemByte', ID = '940'
Method 'CosmosHALBlockDeviceAtaPioStatusCosmosHALBlockDeviceAtaPioSendCmdCosmosHALBlockDeviceAtaPioCmdSystemBoolean', ID = '941'
Method 'CosmosHALBlockDeviceAtaPioStatusCosmosHALBlockDeviceAtaPioSendCmdCosmosHALBlockDeviceAtaPioCmd', ID = '942'
Method 'SystemVoidCosmosCoreIOPortBaseRead16SystemUInt16array', ID = '943'
Method 'SystemStringCosmosHALBlockDeviceAtaPioGetStringSystemUInt16arraySystemInt32SystemInt32', ID = '944'
Method 'SystemVoidSystemCollectionsGenericList1CosmosHALBlockDeviceBlockDevicector', ID = '945'
Method 'SystemVoidSystemCollectionsGenericList1CosmosHALBlockDeviceBlockDevicecctor', ID = '946'
Method 'SystemVoidSystemCollectionsGenericList1CosmosHALBlockDeviceBlockDeviceset_CapacitySystemInt32', ID = '947'
Method 'SystemVoidCosmosHALBlockDeviceBlockDeviceCheckDataSizeSystemBytearraySystemUInt64', ID = '949'
Method 'SystemVoidCosmosHALBlockDeviceAtaPioSelectSectorSystemUInt64SystemUInt64', ID = '950'
Method 'SystemVoidCosmosCoreIOPortBaseRead8SystemBytearray', ID = '951'
Method 'SystemUInt32CosmosCommonExtensionsByteConverterToUInt32SystemBytearraySystemUInt64', ID = '953'
Method 'SystemVoidCosmosHALBlockDeviceMBRPartInfoctorSystemByteSystemUInt32SystemUInt32', ID = '954'
Method 'SystemVoidSystemCollectionsGenericList1CosmosHALBlockDeviceMBRPartInfoAddCosmosHALBlockDeviceMBRPartInfo', ID = '955'
Method 'SystemVoidCosmosHALBlockDeviceEBRPartInfoctorSystemByteSystemUInt32SystemUInt32', ID = '957'
Method 'SystemVoidSystemCollectionsGenericList1CosmosHALBlockDeviceEBRPartInfoAddCosmosHALBlockDeviceEBRPartInfo', ID = '958'
Method 'SystemVoidSystemCollectionsGenericList1CosmosHALBlockDeviceEBRPartInfocctor', ID = '959'
Method 'SystemVoidSystemCollectionsGenericList1CosmosHALBlockDeviceMBRPartInfocctor', ID = '960'
Method 'SystemVoidCosmosDebugKernelPlugsDebuggerDoSendNumberSystemInt32', ID = '961'
Method 'SystemBooleanSystemStringIsNullOrEmptySystemString', ID = '962'
Method 'SystemVoidSystemStringFillStringCheckedSystemStringSystemInt32SystemString', ID = '964'
Method 'SystemStringCosmosHALBlockDevicePartitionToString', ID = '965'
Method 'SystemVoidCosmosHALBlockDevicePartitionReadBlockSystemUInt64SystemUInt64SystemBytearray', ID = '966'
Method 'SystemVoidCosmosCoreIOPortWritectorSystemUInt16', ID = '969'
Method 'SystemUInt16CosmosCoreIOGroupATAGetBAR0SystemBoolean', ID = '970'
Method 'SystemUInt16CosmosCoreIOGroupATAGetBAR1SystemBoolean', ID = '971'
Method 'SystemVoidCosmosCoreIOPortWritectorSystemUInt16SystemUInt16', ID = '972'
Method 'SystemVoidCosmosCoreIOPortctorSystemUInt16SystemUInt16', ID = '973'
Method 'SystemVoidCosmosCoreIOPortReadctorSystemUInt16SystemUInt16', ID = '974'
Method 'SystemVoidCosmosCorePlugsSystemDelegateImplInvoke', ID = '927'
Method 'SystemVoidCosmosCoreINTsSetIntHandlerSystemByteCosmosCoreINTsIRQDelegate', ID = '978'
Method 'SystemVoidSystemCollectionsGenericQueue1CosmosSystemKeyEventcctor', ID = '980'
Method 'SystemVoidSystemCollectionsGenericList1CosmosSystemKeyMappingcctor', ID = '983'
Method 'SystemBooleanCosmosCoreCPUDisableInterrupts', ID = '984'
Method 'SystemBooleanSystemCompatibilitySwitchesget_IsAppEarlierThanWindowsPhone8', ID = '989'
Method 'SystemStringSystemThrowHelperGetArgumentNameSystemExceptionArgument', ID = '990'
Method 'SystemVoidSystemArgumentOutOfRangeExceptionctorSystemStringSystemString', ID = '991'
Method 'SystemUInt32KernelSystemUtilsgetMethodHandlerKernelSystemaMethod', ID = '994'
Method 'SystemVoidKernelSystemCoreCallerCallCodeStaticSystemUInt32', ID = '997'
Method 'SystemVoidKernelSystemCoreCallerCallCodeInstanceSystemUInt32SystemObject', ID = '998'
Method 'KernelSystemCoreLabelTSSEntrypointerKernelSystemCoreLabelLabelsPluggetTSS', ID = '1001'
Method 'SystemVoidCosmosIL2CPUPlugsSystemRuntimeCompilerServicesRuntimeHelpersImplInitializeArraySystemArraySystemRuntimeFieldHandle', ID = '1009'
Method 'SystemUInt16CosmosCorePlugsIOPortImplRead16SystemUInt16', ID = '1013'
Method 'SystemVoidCosmosCorePlugsIOPortImplWrite8SystemUInt16SystemByte', ID = '1014'
Method 'SystemByteKernelSystemConsoleget_CombinedColour', ID = '1016'
Method 'SystemVoidKernelSystemUtilsUtilsPlugmemcpySystemUInt32pointerSystemUInt32pointerSystemInt32', ID = '1020'
Method 'SystemVoidSystemCollectionsGenericList1KernelSystemThreadingThreadctorSystemInt32', ID = '1026'
Method 'SystemVoidSystemCollectionsGenericList1SystemUInt32ctor', ID = '1027'
Method 'SystemVoidSystemCollectionsGenericList1EnumeratorKernelSystemThreadingThreadctorSystemCollectionsGenericList1KernelSystemThreadingThread', ID = '1028'
Method 'SystemBooleanSystemCollectionsGenericList1EnumeratorKernelSystemThreadingThreadMoveNextRare', ID = '1029'
Method 'SystemVoidSystemCollectionsGenericList1EnumeratorKernelSystemThreadingThreadDispose', ID = '1030'
Method 'SystemVoidSystemCollectionsGenericList1KernelSystemHALDiskDrivecctor', ID = '1031'
Method 'SystemVoidKernelSystemHALDiskDriveSelectATADriveSystemByteSystemUInt16KernelSystemHALDiskDriveATABusPositionEnumSystemUInt16', ID = '1033'
Method 'KernelSystemHALDiskDriveATAStatusKernelSystemHALDiskDriveSendATACmdKernelSystemHALDiskDriveATACmdSystemUInt16SystemUInt16', ID = '1034'
Method 'SystemVoidKernelSystemHALDiskDrivector', ID = '1036'
Method 'SystemBytepointerKernelSystemHALATAATADiskDriveGetStringSystemUInt16pointerSystemInt32SystemInt32', ID = '1037'
Method 'SystemVoidKernelSystemHALMBRSetupKernelSystemHALDiskDriveSystemBytepointer', ID = '1041'
Method 'KernelSystemHALPartitionSystemCollectionsGenericList1KernelSystemHALPartitionget_ItemSystemInt32', ID = '1042'
Method 'SystemVoidSystemCollectionsGenericList1KernelSystemHALPartitionAddKernelSystemHALPartition', ID = '1043'
Method 'SystemInt32SystemCollectionsGenericList1KernelSystemHALPartitionget_Count', ID = '1044'
Method 'SystemVoidSystemCollectionsGenericList1KernelSystemHALDiskDriveEnsureCapacitySystemInt32', ID = '1045'
Method 'SystemVoidSystemCollectionsGenericList1KernelSystemHALPCIPCIDevicectorSystemInt32', ID = '1046'
Method 'SystemVoidCosmosCoreIOGroupPCIctor', ID = '1047'
Method 'SystemUInt16KernelSystemHALPCIPCIDeviceReadRegister16SystemByte', ID = '1048'
Method 'SystemVoidKernelSystemHALPCIPCIDeviceset_VendorIDSystemUInt16', ID = '1049'
Method 'SystemVoidKernelSystemHALPCIPCIDeviceset_DeviceIDSystemUInt16', ID = '1050'
Method 'SystemByteKernelSystemHALPCIPCIDeviceReadRegister8SystemByte', ID = '1051'
Method 'SystemVoidKernelSystemHALPCIPCIDeviceset_RevisionIDSystemByte', ID = '1052'
Method 'SystemVoidKernelSystemHALPCIPCIDeviceset_ProgIFSystemByte', ID = '1053'
Method 'SystemVoidKernelSystemHALPCIPCIDeviceset_SubclassSystemByte', ID = '1054'
Method 'SystemVoidKernelSystemHALPCIPCIDeviceset_ClassCodeSystemByte', ID = '1055'
Method 'SystemVoidKernelSystemHALPCIPCIDeviceset_CacheLineSizeSystemByte', ID = '1056'
Method 'SystemVoidKernelSystemHALPCIPCIDeviceset_LatencyTimerSystemByte', ID = '1057'
Method 'SystemVoidKernelSystemHALPCIPCIDeviceset_HeaderTypeKernelSystemHALPCIPCIDevicePCIHeaderType', ID = '1058'
Method 'SystemVoidKernelSystemHALPCIPCIDeviceset_BISTKernelSystemHALPCIPCIDevicePCIBist', ID = '1059'
Method 'SystemVoidKernelSystemHALPCIPCIDeviceset_InterruptLineSystemByte', ID = '1060'
Method 'SystemVoidKernelSystemHALPCIPCIDeviceset_InterruptPINKernelSystemHALPCIPCIDevicePCIInterruptPIN', ID = '1061'
Method 'SystemVoidKernelSystemHALPCIPCIDeviceset_DeviceExistsSystemBoolean', ID = '1062'
Method 'SystemByteKernelSystemHALPCIPCIDeviceget_Subclass', ID = '1063'
Method 'SystemByteKernelSystemHALPCIPCIDeviceget_ProgIF', ID = '1064'
Method 'SystemStringKernelSystemHALPCIPCIDeviceGetDetailsSystemUInt32SystemUInt32SystemUInt32SystemUInt32SystemUInt32KernelSystemHALPCIPCIDevicePCIType', ID = '1065'
Method 'SystemVoidKernelSystemHALPCIPCIDeviceBridgeset_BaseAddressesKernelSystemHALPCIPCIBaseAddressBararray', ID = '1069'
Method 'KernelSystemHALPCIPCIBaseAddressBararrayKernelSystemHALPCIPCIDeviceBridgeget_BaseAddresses', ID = '1070'
Method 'SystemUInt32KernelSystemHALPCIPCIDeviceReadRegister32SystemByte', ID = '1071'
Method 'SystemVoidKernelSystemHALPCIPCIBaseAddressBarctorSystemUInt32', ID = '1072'
Method 'SystemVoidKernelSystemHALPCIPCIDeviceBridgeset_PrimaryBusNumberSystemByte', ID = '1073'
Method 'SystemVoidKernelSystemHALPCIPCIDeviceBridgeset_SecondaryBusNumberSystemByte', ID = '1074'
Method 'SystemVoidKernelSystemHALPCIPCIDeviceBridgeset_SubordinateBusNumberSystemByte', ID = '1075'
Method 'SystemVoidKernelSystemHALPCIPCIDeviceBridgeset_SecondaryLatencyTimerSystemByte', ID = '1076'
Method 'SystemVoidKernelSystemHALPCIPCIDeviceBridgeset_IOBaseSystemByte', ID = '1077'
Method 'SystemVoidKernelSystemHALPCIPCIDeviceBridgeset_IOLimitSystemByte', ID = '1078'
Method 'SystemVoidKernelSystemHALPCIPCIDeviceBridgeset_SecondaryStatusSystemUInt16', ID = '1079'
Method 'SystemVoidKernelSystemHALPCIPCIDeviceBridgeset_MemoryBaseSystemUInt16', ID = '1080'
Method 'SystemVoidKernelSystemHALPCIPCIDeviceBridgeset_MemoryLimitSystemUInt16', ID = '1081'
Method 'SystemVoidKernelSystemHALPCIPCIDeviceBridgeset_PrefatchableMemoryBaseSystemUInt16', ID = '1082'
Method 'SystemVoidKernelSystemHALPCIPCIDeviceBridgeset_PrefatchableMemoryLimitSystemUInt16', ID = '1083'
Method 'SystemVoidKernelSystemHALPCIPCIDeviceBridgeset_PrefatchableBaseUpper32SystemUInt32', ID = '1084'
Method 'SystemVoidKernelSystemHALPCIPCIDeviceBridgeset_PrefatchableLimitUpper32SystemUInt32', ID = '1085'
Method 'SystemVoidKernelSystemHALPCIPCIDeviceBridgeset_IOBaseUpper16SystemUInt16', ID = '1086'
Method 'SystemVoidKernelSystemHALPCIPCIDeviceBridgeset_IOLimitUpper16SystemUInt16', ID = '1087'
Method 'SystemVoidKernelSystemHALPCIPCIDeviceBridgeset_CapabilityPointerSystemByte', ID = '1088'
Method 'SystemVoidKernelSystemHALPCIPCIDeviceBridgeset_ExpansionROMBaseAddressSystemUInt32', ID = '1089'
Method 'SystemVoidKernelSystemHALPCIPCIDeviceBridgeset_BridgeControlSystemUInt16', ID = '1090'
Method 'SystemVoidSystemCollectionsGenericList1KernelSystemHALPCIPCIDeviceEnsureCapacitySystemInt32', ID = '1091'
Method 'SystemVoidKernelSystemHALPCIPCIDeviceNormalset_BaseAddressesKernelSystemHALPCIPCIBaseAddressBararray', ID = '1092'
Method 'SystemVoidKernelSystemHALPCIPCIDeviceNormalset_CardbusCISPointerSystemUInt32', ID = '1093'
Method 'SystemVoidKernelSystemHALPCIPCIDeviceNormalset_SubsystemVendorIDSystemUInt16', ID = '1094'
Method 'SystemVoidKernelSystemHALPCIPCIDeviceNormalset_SubsystemIDSystemUInt16', ID = '1095'
Method 'SystemVoidKernelSystemHALPCIPCIDeviceNormalset_ExpansionROMBaseAddressSystemUInt32', ID = '1096'
Method 'SystemVoidKernelSystemHALPCIPCIDeviceNormalset_CapabilitiesPointerSystemByte', ID = '1097'
Method 'SystemVoidKernelSystemHALPCIPCIDeviceNormalset_MinGrantSystemByte', ID = '1098'
Method 'SystemVoidKernelSystemHALPCIPCIDeviceNormalset_MaxLatencySystemByte', ID = '1099'
Method 'SystemVoidSystemCollectionsGenericList1KernelSystemHALPCIPCIDevicecctor', ID = '1100'
Method 'SystemVoidSystemCollectionsGenericList1KernelSystemDriversIDriverctorSystemInt32', ID = '1101'
Method 'SystemVoidKernelSystemCollectionsCircularBufferPushSystemInt32', ID = '1102'
Method 'SystemVoidSystemCollectionsGenericList1KernelSystemDriversIDrivercctor', ID = '1103'
Method 'SystemVoidSystemCollectionsGenericList1KernelSystemDriversIDriverset_CapacitySystemInt32', ID = '1104'
Method 'SystemVoidKernelSystemDriversOtherPS2Mousecctor', ID = '1105'
Method 'SystemVoidKernelSystemDriversOtherVideoGraphicsArraycctor', ID = '1110'
Method 'SystemVoidKernelSystemDriversOtherVideoGraphicsArrayWriteVGARegistersSystemBytearray', ID = '1112'
Method 'SystemVoidKernelSystemDriversOtherVideoGraphicsArrayWriteFontSystemBytearraySystemByte', ID = '1115'
Method 'SystemVoidKernelSystemDriversVMWareNVIDIA9500MGSSetModeSystemInt32SystemInt32SystemInt32', ID = '1118'
Method 'SystemVoidKernelSystemDriversVMWareNVIDIA9500MGSUpdate', ID = '1119'
Method 'SystemVoidKernelSystemHALPCIPCIDeviceWriteRegister16SystemByteSystemUInt16', ID = '1122'
Method 'SystemVoidCosmosCoreMemoryBlockset_ItemSystemUInt32SystemUInt32', ID = '1127'
Method 'SystemUInt32CosmosCoreMemoryBlockget_ItemSystemUInt32', ID = '1128'
Method 'SystemUInt16KernelSystemIOIOPortIOPortPluginwSystemUInt16', ID = '1129'
Method 'SystemVoidKernelSystemDriversOtherBochsGraphicsAdaptorVBEWriteKernelSystemDriversOtherBochsGraphicsAdaptorVBERegisterIndexSystemInt32', ID = '1130'
Method 'SystemVoidSystemCollectionsGenericList1KernelSystemAudioAudioStreamcctor', ID = '1131'
Method 'SystemVoidSystemCollectionsGenericList1EnumeratorKernelSystemAudioAudioStreamctorSystemCollectionsGenericList1KernelSystemAudioAudioStream', ID = '1132'
Method 'SystemBooleanSystemCollectionsGenericList1EnumeratorKernelSystemAudioAudioStreamMoveNextRare', ID = '1133'
Method 'SystemVoidSystemCollectionsGenericList1EnumeratorKernelSystemAudioAudioStreamDispose', ID = '1134'
Method 'SystemInt32CosmosSystemPlugsSystemValueTypeImplGetHashCode', ID = '1136'
Method 'SystemInt32CosmosCorePlugsSystemStringImplGetHashCode', ID = '1137'
Method 'SystemInt32CosmosSystemPlugsSystemEnumImplGetHashCode', ID = '1138'
Method 'SystemInt32CosmosCorePlugsSystemDelegateImplGetHashCodeSystemIntPtr', ID = '1139'
Method 'SystemInt32CosmosSystemPlugsSystemIntPtrImplGetHashCode', ID = '1140'
Method 'SystemVoidSystemCollectionsGenericList1SystemUInt32cctor', ID = '1142'
Method 'SystemVoidSystemCollectionsGenericList1SystemUInt32set_CapacitySystemInt32', ID = '1143'
Method 'SystemVoidSystemCollectionsGenericList1KernelSystemEventsEventListenerctor', ID = '1144'
Method 'SystemVoidSystemCollectionsGenericList1KernelSystemEventsEventListenercctor', ID = '1147'
Method 'SystemVoidSystemCollectionsGenericList1KernelSystemThreadingThreadcctor', ID = '1148'
Method 'SystemVoidSystemCollectionsGenericList1KernelSystemThreadingThreadset_CapacitySystemInt32', ID = '1149'
Method 'SystemVoidSystemCollectionsGenericList1KernelApplicationSCIICommandctorSystemInt32', ID = '1150'
Method 'SystemVoidSystemCollectionsGenericList1KernelSystemEventsEventListenerAddKernelSystemEventsEventListener', ID = '1151'
Method 'SystemVoidKernelApplicationSCIICommandctor', ID = '1152'
Method 'SystemVoidSystemCollectionsGenericList1KernelApplicationSCIICommandAddKernelApplicationSCIICommand', ID = '1153'
Method 'SystemVoidCosmosCoreIOPortset_WordSystemUInt16', ID = '1154'
Method 'SystemVoidSystemCollectionsGenericList1EnumeratorKernelSystemDriversIDriverctorSystemCollectionsGenericList1KernelSystemDriversIDriver', ID = '1155'
Method 'SystemBooleanSystemCollectionsGenericList1EnumeratorKernelSystemDriversIDriverMoveNextRare', ID = '1156'
Method 'SystemVoidSystemCollectionsGenericList1EnumeratorKernelSystemDriversIDriverDispose', ID = '1157'
Method 'SystemVoidCosmosCorePlugsSystemDelegateImplInvoke', ID = '927'
Method 'SystemUInt32pointerKernelSystemSettingsget_DisplayBuffer', ID = '1160'
Method 'SystemVoidKernelApplicationGraphicsBitmapctorSystemInt32SystemInt32SystemUInt32pointer', ID = '1161'
Method 'SystemVoidKernelApplicationGraphicsPanelctor', ID = '1162'
Method 'SystemVoidKernelApplicationGraphicsIControlSetSizeSystemInt32SystemInt32', ID = '1164'
Method 'SystemVoidKernelApplicationGraphicsIControlSetPositionSystemInt32SystemInt32', ID = '1167'
Method 'SystemVoidKernelApplicationGraphicsButtonctor', ID = '1170'
Method 'SystemVoidKernelApplicationSGIToggleMenuButton', ID = '1171'
Method 'SystemVoidCosmosCorePlugsSystemDelegateImplCtorSystemObjectSystemIntPtr', ID = '188'
Method 'SystemVoidKernelApplicationGraphicsIControlAddKernelApplicationGraphicsIControl', ID = '1174'
Method 'SystemVoidKernelApplicationLoginctor', ID = '1176'
Method 'SystemByteKernelSystemHALRTCget_Second', ID = '1177'
Method 'SystemVoidKernelSystemConsoleWriteLineSystemInt32SystemCharSystemBoolean', ID = '1178'
Method 'SystemVoidKernelApplicationInputUpdate', ID = '1179'
Method 'SystemVoidKernelApplicationGraphicsBitmapDrawRectangleSystemInt32SystemInt32SystemInt32SystemInt32SystemUInt32SystemBoolean', ID = '1180'
Method 'SystemVoidKernelApplicationGraphicsBitmapClearSystemUInt32', ID = '1182'
Method 'SystemInt32SystemCollectionsGenericList1KernelApplicationGraphicsFormget_Count', ID = '1186'
Method 'KernelApplicationGraphicsFormSystemCollectionsGenericList1KernelApplicationGraphicsFormget_ItemSystemInt32', ID = '1187'
Method 'SystemVoidKernelApplicationGraphicsIControlDrawKernelApplicationGraphicsBitmap', ID = '1188'
Method 'SystemBooleanKernelApplicationInputGetMouseButtonSystemInt32', ID = '1191'
Method 'SystemBooleanKernelApplicationGraphicsRectContainsKernelApplicationGraphicsPoint', ID = '1195'
Method 'SystemVoidKernelApplicationGraphicsBitmapDrawStringSystemInt32SystemInt32SystemStringSystemUInt32', ID = '1196'
Method 'SystemVoidCosmosCorePlugsSystemDelegateImplInvoke', ID = '927'
Method 'SystemByteKernelSystemHALRTCget_Hour', ID = '1198'
Method 'SystemVoidKernelApplicationGraphicsBitmapDrawNumberSystemInt32SystemInt32SystemInt32SystemUInt32', ID = '1199'
Method 'SystemVoidKernelApplicationGraphicsBitmapDrawCharacterSystemInt32SystemInt32SystemCharSystemUInt32', ID = '1200'
Method 'SystemByteKernelSystemHALRTCget_Minute', ID = '1201'
Method 'SystemVoidKernelApplicationGraphicsBitmapDrawLineSystemInt32SystemInt32SystemInt32SystemInt32SystemUInt32', ID = '1202'
Method 'SystemVoidSystemCollectionsGenericList1KernelApplicationGraphicsFormRemoveAtSystemInt32', ID = '1203'
Method 'SystemVoidSystemCollectionsGenericList1KernelApplicationGraphicsFormInsertSystemInt32KernelApplicationGraphicsForm', ID = '1204'
Method 'SystemVoidKernelSystemDrawingGLUpdate', ID = '1205'
Method 'SystemVoidSystemCollectionsGenericList1KernelSystemAudioAudioStreamEnsureCapacitySystemInt32', ID = '1206'
Method 'SystemVoidSystemCollectionsGenericList1KernelApplicationSCIICommandcctor', ID = '1207'
Method 'SystemInt32SystemTextUnicodeEncodingGetHashCode', ID = '1209'
Method 'SystemVoidSystemTextEncodingctorSystemInt32', ID = '1210'
Method 'SystemVoidSystemTextEncodingSetDefaultFallbacks', ID = '1211'
Method 'SystemVoidCosmosHALTextScreenset_ItemSystemInt32SystemInt32SystemChar', ID = '1213'
Method 'SystemVoidCosmosCoreMemoryBlockMoveDownSystemUInt32SystemUInt32SystemUInt32', ID = '1214'
Method 'SystemVoidCosmosCoreMemoryBlockFillSystemUInt32SystemUInt32SystemUInt16', ID = '1215'
Method 'SystemVoidCosmosHALTextScreenSetCursorPosSystemInt32SystemInt32', ID = '1216'
Method 'SystemVoidCosmosCommonStringHelpercctor', ID = '1217'
Method 'SystemVoidKernelSystemThreadingSpinLockLockSystemInt32', ID = '1220'
Method 'SystemVoidKernelSystemThreadingSpinLockUnlockSystemInt32', ID = '1221'
Method 'SystemStringCosmosIL2CPUPlugsSystemExceptionImplget_Message', ID = '1222'
Method 'SystemByteCosmosCorePlugsIOPortImplRead8SystemUInt16', ID = '1224'
Method 'SystemStringCosmosSystemPlugsSystemUInt16ImplToString', ID = '1228'
Method 'SystemVoidCosmosHALBlockDeviceAtaPioWait', ID = '1233'
Method 'SystemByteCosmosCoreIOPortReadget_Byte', ID = '1236'
Method 'SystemVoidCosmosHALBlockDeviceAtaPioDebugSystemString', ID = '1237'
Method 'SystemVoidCosmosHALBlockDeviceAtaPioDebugHexSystemStringSystemUInt32', ID = '1238'
Method 'SystemStringCosmosSystemPlugsSystemUInt64ImplToString', ID = '1241'
Method 'SystemVoidCosmosHALBlockDeviceBlockDeviceCheckBlockNoSystemUInt64SystemUInt64', ID = '1242'
Method 'SystemVoidCosmosCoreIOPortWriteset_WordSystemUInt16', ID = '1243'
Method 'SystemVoidSystemCollectionsGenericList1CosmosHALBlockDeviceMBRPartInfoEnsureCapacitySystemInt32', ID = '1245'
Method 'SystemVoidSystemCollectionsGenericList1CosmosHALBlockDeviceEBRPartInfoEnsureCapacitySystemInt32', ID = '1247'
Method 'SystemStringCosmosCorePlugsSystemStringImplFastAllocateStringSystemInt32', ID = '1248'
Method 'SystemVoidSystemIndexOutOfRangeExceptionctor', ID = '1249'
Method 'SystemVoidSystemStringwstrcpySystemCharpointerSystemCharpointerSystemInt32', ID = '1250'
Method 'SystemVoidCosmosCoreIOPortBasectorSystemUInt16SystemUInt16', ID = '1251'
Method 'SystemVoidCosmosSystemScanMapsUS_StandardInitKeys', ID = '1253'
Method 'SystemVoidCosmosCorePlugsCPUImplHalt', ID = '1256'
Method 'SystemVoidSystemArgumentExceptionctorSystemStringSystemString', ID = '1259'
Method 'SystemVoidCosmosCorePlugsSystemArrayImplCopySystemArraySystemInt32SystemArraySystemInt32SystemInt32SystemBoolean', ID = '1260'
Method 'SystemStringCosmosSystemPlugsSystemInt64ImplToString', ID = '1265'
Method 'SystemVoidCosmosSystemPlugsSystemCharImplCctor', ID = '1266'
Method 'SystemStringCosmosSystemPlugsSystemCharImplToString', ID = '1267'
Method 'SystemVoidKernelSystemHALDiskDriveATAWaitSystemUInt16', ID = '1270'
Method 'SystemVoidSystemCollectionsGenericList1KernelSystemHALPartitionctor', ID = '1273'
Method 'SystemVoidKernelSystemUtilsstrDepadSystemBytepointerSystemUInt32', ID = '1275'
Method 'SystemVoidCosmosCorePlugsSystemStringImplCtorSystemChararraySystemStringSystemInt32SystemCharpointer', ID = '1277'
Method 'SystemVoidKernelSystemHALATAATADiskDriveReadBlockSystemUInt64SystemUInt64SystemBytepointer', ID = '1278'
Method 'SystemVoidKernelSystemHALMBRParsePartitionSystemUInt32KernelSystemHALDiskDriveSystemBytepointerSystemUInt32', ID = '1279'
Method 'SystemVoidSystemCollectionsGenericList1KernelSystemHALPartitionEnsureCapacitySystemInt32', ID = '1282'
Method 'SystemVoidSystemCollectionsGenericList1KernelSystemHALDiskDriveset_CapacitySystemInt32', ID = '1283'
Method 'SystemUInt32KernelSystemHALPCIPCIDeviceGetAddressBaseSystemUInt32SystemUInt32SystemUInt32', ID = '1286'
Method 'SystemVoidCosmosCoreIOPortset_DWordSystemUInt32', ID = '1287'
Method 'SystemUInt32CosmosCoreIOPortget_DWord', ID = '1288'
Method 'SystemStringSystemStringConcatSystemObjectarray', ID = '1292'
Method 'SystemVoidSystemCollectionsGenericList1KernelSystemHALPCIPCIDeviceset_CapacitySystemInt32', ID = '1293'
Method 'SystemVoidKernelSystemCollectionsCircularBufferPushSystemUInt32', ID = '1295'
Method 'SystemVoidKernelSystemDriversOtherVideoGraphicsArrayset_planeSystemByte', ID = '1299'
Method 'SystemInt32KernelSystemDriversOtherVideoGraphicsArrayget_fb_seg', ID = '1300'
Method 'SystemVoidKernelSystemDriversVMWareNVIDIA9500MGSUpdateSystemInt32SystemInt32SystemInt32SystemInt32', ID = '1301'
Method 'SystemVoidKernelSystemDrawingGLcctor', ID = '1302'
Method 'SystemVoidKernelSystemIOIOPortIOPortPlugoutdSystemUInt16SystemUInt32', ID = '1303'
Method 'SystemUInt32KernelSystemIOIOPortIOPortPlugindSystemUInt16', ID = '1304'
Method 'SystemVoidpointerSystemIntPtrToPointer', ID = '1307'
Method 'SystemVoidSystemCollectionsGenericList1KernelSystemEventsEventListenerEnsureCapacitySystemInt32', ID = '1310'
Method 'SystemVoidSystemCollectionsGenericList1KernelApplicationSCIICommandEnsureCapacitySystemInt32', ID = '1311'
Method 'SystemVoidKernelApplicationSGIcctor', ID = '1313'
Method 'SystemVoidKernelApplicationSGIOnKeyDownSystemChar', ID = '1314'
Method 'SystemVoidKernelApplicationGraphicsIControlctor', ID = '1316'
Method 'SystemVoidKernelApplicationGraphicsThemecctor', ID = '1319'
Method 'SystemVoidSystemCollectionsGenericList1KernelApplicationGraphicsIControlAddKernelApplicationGraphicsIControl', ID = '1323'
Method 'SystemVoidKernelApplicationGraphicsFormctor', ID = '1325'
Method 'SystemByteKernelSystemHALRTCFromBCDSystemByte', ID = '1326'
Method 'SystemVoidKernelSystemConsoleWriteLineSystemInt64SystemCharSystemBoolean', ID = '1327'
Method 'SystemVoidKernelApplicationGraphicsPointctor', ID = '1328'
Method 'SystemVoidKernelSystemDrawingGLDrawRectangleEmptySystemUInt32pointerSystemInt32SystemUInt32SystemInt32SystemInt32SystemInt32SystemInt32', ID = '1334'
Method 'KernelApplicationGraphicsRectKernelApplicationGraphicsIControlget_RenderArea', ID = '1337'
Method 'SystemVoidKernelApplicationGraphicsIControlTracePositionKernelApplicationGraphicsIControlSystemInt32SystemInt32', ID = '1338'
Method 'KernelApplicationGraphicsIControlSystemCollectionsGenericList1KernelApplicationGraphicsIControlget_ItemSystemInt32', ID = '1340'
Method 'SystemInt32SystemCollectionsGenericList1KernelApplicationGraphicsIControlget_Count', ID = '1341'
Method 'SystemVoidKernelSystemDrawingGLDrawTextSystemUInt32pointerSystemInt32SystemInt32SystemInt32SystemStringSystemUInt32', ID = '1342'
Method 'SystemVoidKernelSystemDrawingGLDrawNumberSystemUInt32pointerSystemInt32SystemInt32SystemInt32SystemInt32SystemUInt32', ID = '1343'
Method 'SystemVoidKernelSystemDrawingGLDrawCharacterSystemUInt32pointerSystemInt32SystemInt32SystemInt32SystemCharSystemUInt32', ID = '1344'
Method 'SystemVoidKernelSystemDrawingGLDrawLineSystemUInt32pointerSystemInt32SystemInt32SystemInt32SystemInt32SystemInt32SystemUInt32', ID = '1345'
Method 'SystemVoidSystemCollectionsGenericList1KernelApplicationGraphicsFormEnsureCapacitySystemInt32', ID = '1346'
Method 'SystemVoidSystemCollectionsGenericList1KernelSystemAudioAudioStreamset_CapacitySystemInt32', ID = '1347'
Method 'SystemInt32SystemTextEncodingGetHashCode', ID = '1348'
Method 'SystemInt32SystemTextEncodingget_CodePage', ID = '1349'
Method 'SystemTextEncoderFallbackSystemTextEncodingget_EncoderFallback', ID = '1350'
Method 'SystemTextDecoderFallbackSystemTextEncodingget_DecoderFallback', ID = '1351'
Method 'SystemVoidSystemArgumentOutOfRangeExceptionctorSystemString', ID = '1352'
Method 'SystemVoidSystemTextUnicodeEncodingSetDefaultFallbacks', ID = '1353'
Method 'SystemVoidSystemTextInternalEncoderBestFitFallbackctorSystemTextEncoding', ID = '1354'
Method 'SystemVoidSystemTextInternalDecoderBestFitFallbackctorSystemTextEncoding', ID = '1355'
Method 'SystemVoidCosmosCoreMemoryBlock08set_ItemSystemUInt32SystemByte', ID = '1356'
Method 'SystemVoidCosmosCoreMemoryOperationsFillSystemUInt16pointerSystemUInt16SystemInt32', ID = '1357'
Method 'SystemBooleanCosmosCorePlugsSystemStringImplEqualsHelperSystemStringSystemString', ID = '1359'
Method 'SystemVoidSystemCollectionsGenericList1CosmosHALPCIDevicecctor', ID = '1362'
Method 'SystemVoidCosmosDebugKernelDebuggerSendNumberSystemUInt32', ID = '1363'
Method 'SystemStringCosmosCommonStringHelperGetNumberStringSystemUInt64', ID = '1366'
Method 'SystemVoidSystemCollectionsGenericList1CosmosHALBlockDeviceMBRPartInfoset_CapacitySystemInt32', ID = '1367'
Method 'SystemVoidSystemCollectionsGenericList1CosmosHALBlockDeviceEBRPartInfoset_CapacitySystemInt32', ID = '1368'
Method 'SystemVoidSystemBufferMemcpySystemBytepointerSystemBytepointerSystemInt32', ID = '1370'
Method 'SystemVoidSystemCollectionsGenericList1CosmosSystemKeyMappingctorSystemInt32', ID = '1371'
Method 'SystemVoidCosmosSystemKeyMappingctorSystemByteCosmosSystemConsoleKeyEx', ID = '1372'
Method 'SystemVoidSystemCollectionsGenericList1CosmosSystemKeyMappingAddCosmosSystemKeyMapping', ID = '1373'
Method 'SystemVoidCosmosSystemKeyMappingctorSystemByteSystemCharSystemCharSystemCharSystemCharSystemCharSystemCharCosmosSystemConsoleKeyEx', ID = '1374'
Method 'SystemVoidCosmosSystemKeyMappingctorSystemByteSystemCharCosmosSystemConsoleKeyEx', ID = '1375'
Method 'SystemVoidCosmosSystemKeyMappingctorSystemByteSystemCharSystemCharSystemCharSystemCharSystemCharSystemCharCosmosSystemConsoleKeyExCosmosSystemConsoleKeyEx', ID = '1376'
Method 'SystemVoidCosmosCorePlugsCPUImplDoDisableInterrupts', ID = '1377'
Method 'SystemStringSystemArgumentOutOfRangeExceptionget_Message', ID = '1379'
Method 'SystemInt32SystemRuntimeFieldHandleGetHashCode', ID = '1381'
Method 'SystemStringCosmosCommonStringHelperGetNumberStringSystemInt64', ID = '1385'
Method 'SystemVoidKernelSystemHALATAATADiskDriveSelectSectorSystemUInt64SystemUInt64', ID = '1390'
Method 'KernelSystemHALDiskDriveATAStatusKernelSystemHALATAATADiskDriveSendCmdKernelSystemHALDiskDriveATACmd', ID = '1391'
Method 'SystemUInt32KernelSystemUtilsToUInt32SystemBytepointerSystemUInt32', ID = '1392'
Method 'SystemVoidKernelSystemHALPartitionctorKernelSystemHALDiskDriveSystemUInt64SystemUInt64SystemUInt32', ID = '1393'
Method 'SystemVoidSystemCollectionsGenericList1KernelSystemHALPartitioncctor', ID = '1394'
Method 'SystemVoidSystemCollectionsGenericList1KernelSystemHALPartitionset_CapacitySystemInt32', ID = '1395'
Method 'SystemVoidSystemArgumentNullExceptionctorSystemString', ID = '1398'
Method 'SystemStringSystemStringConcatArraySystemStringarraySystemInt32', ID = '1400'
Method 'SystemVoidKernelSystemDriversVMWareNVIDIA9500MGSWriteToFifoSystemInt32', ID = '1401'
Method 'SystemVoidKernelSystemDriversVMWareNVIDIA9500MGSWaitForFifo', ID = '1402'
Method 'SystemVoidSystemCollectionsGenericList1KernelSystemEventsEventListenerset_CapacitySystemInt32', ID = '1405'
Method 'SystemVoidSystemCollectionsGenericList1KernelApplicationSCIICommandset_CapacitySystemInt32', ID = '1406'
Method 'SystemVoidCosmosCorePlugsIOPortImplWrite16SystemUInt16SystemUInt16', ID = '1407'
Method 'SystemVoidSystemCollectionsGenericList1KernelApplicationGraphicsFormctor', ID = '1408'
Method 'SystemVoidKernelApplicationGraphicsRectctor', ID = '1410'
Method 'SystemVoidSystemCollectionsGenericList1KernelApplicationGraphicsIControlctor', ID = '1411'
Method 'SystemVoidSystemCollectionsGenericList1KernelApplicationGraphicsIControlEnsureCapacitySystemInt32', ID = '1427'
Method 'SystemVoidKernelApplicationGraphicsFormCentreToScreen', ID = '1428'
Method 'SystemVoidSystemCollectionsGenericList1KernelApplicationGraphicsFormAddKernelApplicationGraphicsForm', ID = '1429'
Method 'SystemVoidKernelSystemDrawingGLGLPlugDrawRectangleFilledSystemUInt32pointerSystemInt32SystemUInt32SystemInt32SystemInt32SystemInt32SystemInt32', ID = '1430'
Method 'SystemVoidKernelSystemDrawingGLGLPlugClearSystemUInt32pointerSystemUInt32SystemInt32', ID = '1431'
Method 'SystemVoidSystemCollectionsGenericList1KernelApplicationGraphicsFormcctor', ID = '1432'
Method 'SystemVoidKernelApplicationGraphicsButtonOnDrawKernelApplicationGraphicsBitmap', ID = '1433'
Method 'SystemVoidKernelApplicationGraphicsFormOnDrawKernelApplicationGraphicsBitmap', ID = '1434'
Method 'SystemVoidKernelApplicationGraphicsPanelOnDrawKernelApplicationGraphicsBitmap', ID = '1435'
Method 'SystemVoidKernelApplicationGraphicsTextBoxOnDrawKernelApplicationGraphicsBitmap', ID = '1436'
Method 'SystemInt32KernelSystemDrawingGLNumberDepthSystemInt32SystemInt32', ID = '1437'
Method 'SystemBooleanKernelSystemDrawingGLIsSetSystemInt32', ID = '1438'
Method 'SystemVoidKernelSystemDrawingGLSetPixelSystemUInt32pointerSystemInt32SystemInt32SystemInt32SystemUInt32', ID = '1439'
Method 'SystemInt32SystemMathAbsSystemInt32', ID = '1440'
Method 'SystemVoidKernelSystemDrawingGLSwapSystemInt32SystemInt32SystemInt32', ID = '1441'
Method 'SystemVoidSystemCollectionsGenericList1KernelApplicationGraphicsFormset_CapacitySystemInt32', ID = '1442'
Method 'SystemStringSystemArgumentOutOfRangeExceptionget_RangeMessage', ID = '1445'
Method 'SystemTextEncoderFallbackSystemTextEncoderFallbackget_ExceptionFallback', ID = '1446'
Method 'SystemTextDecoderFallbackSystemTextDecoderFallbackget_ExceptionFallback', ID = '1447'
Method 'SystemVoidSystemTextEncoderReplacementFallbackctorSystemString', ID = '1448'
Method 'SystemVoidSystemTextDecoderReplacementFallbackctorSystemString', ID = '1449'
Method 'SystemVoidSystemTextEncoderFallbackctor', ID = '1451'
Method 'SystemVoidSystemTextDecoderFallbackctor', ID = '1453'
Method 'SystemVoidSystemBufferMemmoveSystemBytepointerSystemBytepointerSystemUInt32', ID = '1459'
Method 'SystemVoidSystemCollectionsGenericList1CosmosSystemKeyMappingEnsureCapacitySystemInt32', ID = '1460'
Method 'SystemVoidCosmosSystemKeyMappingctorSystemByteSystemCharSystemCharSystemCharSystemCharSystemCharSystemCharSystemCharSystemCharSystemCharSystemCharCosmosSystemConsoleKeyEx', ID = '1461'
Method 'SystemVoidCosmosSystemKeyMappingctorSystemByteSystemCharSystemCharSystemCharSystemCharSystemCharSystemCharSystemCharCosmosSystemConsoleKeyExCosmosSystemConsoleKeyEx', ID = '1462'
Method 'SystemStringSystemArgumentExceptionget_Message', ID = '1463'
Method 'SystemStringSystemEnvironmentget_NewLine', ID = '1465'
Method 'SystemStringSystemStringConcatSystemStringSystemStringSystemString', ID = '1466'
Method 'SystemIntPtrSystemRuntimeFieldHandleget_Value', ID = '1467'
Method 'SystemVoidKernelSystemHALATAATADiskDriveSelectDriveSystemByte', ID = '1469'
Method 'SystemVoidKernelSystemHALATAATADiskDriveWait', ID = '1470'
Method 'SystemVoidCosmosCorePlugsIOPortImplWrite32SystemUInt16SystemUInt32', ID = '1471'
Method 'SystemUInt32CosmosCorePlugsIOPortImplRead32SystemUInt16', ID = '1472'
Method 'SystemVoidCosmosIL2CPUPlugsSystemOutOfMemoryExceptionImplCtor', ID = '1475'
Method 'SystemInt32KernelSystemDriversVMWareNVIDIA9500MGSGetFIFOKernelSystemDriversVMWareNVIDIA9500MGSFIFO', ID = '1477'
Method 'SystemInt32KernelSystemDriversVMWareNVIDIA9500MGSSetFIFOKernelSystemDriversVMWareNVIDIA9500MGSFIFOSystemInt32', ID = '1478'
Method 'SystemVoidSystemCollectionsGenericList1KernelApplicationGraphicsIControlcctor', ID = '1481'
Method 'SystemVoidSystemCollectionsGenericList1KernelApplicationGraphicsIControlset_CapacitySystemInt32', ID = '1482'
Method 'SystemVoidKernelApplicationGraphicsFormBeforeRedraw', ID = '1486'
Method 'SystemVoidKernelApplicationGraphicsBitmapResizeImageSystemInt32SystemInt32', ID = '1487'
Method 'SystemVoidKernelApplicationGraphicsBitmapDrawImageSystemInt32SystemInt32KernelApplicationGraphicsBitmap', ID = '1488'
Method 'SystemVoidKernelApplicationGraphicsFormAfterRedraw', ID = '1489'
Method 'SystemInt32SystemMathAbsHelperSystemInt32', ID = '1491'
Method 'SystemVoidSystemThreadingMonitorEnterSystemObjectSystemBoolean', ID = '1495'
Method 'SystemVoidSystemTextEncoderExceptionFallbackctor', ID = '1496'
Method 'SystemVoidSystemTextDecoderExceptionFallbackctor', ID = '1500'
Method 'SystemBooleanSystemCharIsSurrogateSystemStringSystemInt32', ID = '1502'
Method 'SystemBooleanSystemCharIsHighSurrogateSystemStringSystemInt32', ID = '1503'
Method 'SystemVoidSystemArgumentExceptionctorSystemString', ID = '1504'
Method 'SystemInt32SystemTextInternalEncoderBestFitFallbackGetHashCode', ID = '1506'
Method 'SystemInt32SystemTextInternalDecoderBestFitFallbackGetHashCode', ID = '1507'
Method 'SystemVoidCosmosCorePlugsMemoryOperationsMemoryOperationsImplFillSystemBytepointerSystemInt32SystemInt32', ID = '1508'
Method 'SystemInt32CosmosCorePlugsSystemStringImplCompareToSystemString', ID = '1509'
Method 'SystemVoidSystemBuffer_MemmoveSystemBytepointerSystemBytepointerSystemUInt32', ID = '1510'
Method 'SystemVoidSystemCollectionsGenericList1CosmosSystemKeyMappingset_CapacitySystemInt32', ID = '1511'
Method 'SystemVoidCosmosSystemKeyMappingctorSystemByteSystemCharSystemCharSystemCharSystemCharSystemCharSystemCharSystemCharSystemCharSystemCharSystemCharCosmosSystemConsoleKeyExCosmosSystemConsoleKeyEx', ID = '1512'
Method 'SystemStringCosmosIL2CPUPlugsSystemEnvironmentImplGetResourceStringSystemStringSystemObjectarray', ID = '1513'
Method 'SystemIntPtrSystemRuntimeFieldHandleInternalget_Value', ID = '1516'
Method 'SystemInt32CosmosSystemPlugsSystemValueTypeImplGetHashCodeOfPtrSystemIntPtr', ID = '1517'
Method 'SystemVoidKernelApplicationLoginInitializeComponents', ID = '1520'
Method 'SystemVoidKernelApplicationLoginBeforeRedraw', ID = '1521'
Method 'SystemVoidSystemMathcctor', ID = '1522'
Method 'SystemObjectCosmosCorePlugsSystemTextEncoderFallbackImplget_InternalSyncObject', ID = '1523'
Method 'SystemVoidSystemThreadingMonitorThrowLockTakenException', ID = '1526'
Method 'SystemVoidCosmosSystemPlugsSystemThreadingMonitorImplExitSystemObject', ID = '1529'
Method 'SystemObjectCosmosCorePlugsSystemTextDecoderFallbackImplget_InternalSyncObject', ID = '1530'
Method 'SystemInt32SystemTextEncoderReplacementFallbackGetHashCode', ID = '1532'
Method 'SystemBooleanSystemCharIsSurrogateSystemChar', ID = '1533'
Method 'SystemBooleanSystemCharIsHighSurrogateSystemChar', ID = '1534'
Method 'SystemInt32SystemTextDecoderReplacementFallbackGetHashCode', ID = '1535'
Method 'SystemInt32SystemMathDivRemSystemInt32SystemInt32SystemInt32', ID = '1537'
Method 'SystemVoidCosmosCorePlugsMemoryOperationsMemoryOperationsImplFill16BlocksSystemBytepointerSystemInt32SystemInt32', ID = '1538'
Method 'SystemVoidKernelApplicationGraphicsLabelctor', ID = '1543'
Method 'SystemVoidKernelApplicationGraphicsTextBoxctor', ID = '1544'
Method 'SystemVoidKernelApplicationLoginloginButtonPressed', ID = '1545'
Method 'SystemVoidKernelApplicationLoginshutdownButtonPressed', ID = '1546'
Method 'SystemVoidKernelApplicationGraphicsBitmapctorSystemInt32SystemInt32', ID = '1547'
Method 'SystemVoidCosmosSystemPlugsSystemThreadingMonitorImplReliableEnterSystemObjectSystemBoolean', ID = '1553'
Method 'SystemInt32SystemTextEncoderExceptionFallbackGetHashCode', ID = '1554'
Method 'SystemInt32SystemTextDecoderExceptionFallbackGetHashCode', ID = '1557'
Method 'SystemVoidCosmosCorePlugsSystemBufferImpl__MemmoveSystemBytepointerSystemBytepointerSystemUInt32', ID = '1558'
Method 'SystemStringCosmosCorePlugsSystemStringImplFormatSystemStringSystemObjectarray', ID = '1559'
Method 'SystemVoidKernelApplicationGraphicsFormClose', ID = '1561'
Method 'SystemVoidSystemDoublecctor', ID = '1562'
Method 'SystemInt32SystemDoubleGetHashCode', ID = '1564'
Method 'SystemStringCosmosCorePlugsSystemStringImplFormatHelperSystemIFormatProviderSystemStringSystemObjectarray', ID = '1566'
Method 'SystemVoidKernelApplicationGraphicsLabelOnDrawKernelApplicationGraphicsBitmap', ID = '1567'
Method 'SystemDoubleSystemBitConverterInt64BitsToDoubleSystemInt64', ID = '1568'
Method 'SystemStringCosmosSystemPlugsSystemDoubleImplToString', ID = '1570'
Method 'SystemVoidSystemFormatExceptionctorSystemString', ID = '1573'
Method 'SystemStringSystemStringSubstringSystemInt32SystemInt32', ID = '1574'
Method 'SystemInt32CosmosCommonStringHelperGetStringToNumberSystemString', ID = '1575'
Method 'SystemStringCosmosCommonStringHelperGetNumberStringSystemDouble', ID = '1580'
Method 'SystemChararrayCosmosCorePlugsSystemStringImplToCharArray', ID = '1581'
Method 'SystemStringSystemStringInternalSubStringSystemInt32SystemInt32', ID = '1583'
Method 'SystemBooleanSystemStringIsNullOrWhiteSpaceSystemString', ID = '1584'
Method 'SystemBooleanCosmosSystemPlugsSystemCharImplIsDigitSystemChar', ID = '1585'
Method 'SystemVoidSystemBitConvertercctor', ID = '1586'
Method 'SystemInt64SystemBitConverterDoubleToInt64BitsSystemDouble', ID = '1587'
Method 'SystemBooleanCosmosSystemPlugsSystemCharImplIsWhiteSpaceSystemChar', ID = '1590'
